SDPA (Version 7.3.6) start at [Tue Sep 07 12:42:32 2021]
param is ./param.sdpa
data  is G:\Research\PhysarumSDPSolver\SDPA\testSet\large2\large2-100-17.dat-s : sparse
out   is G:\Research\PhysarumSDPSolver\SDPA\testSet\large2\large2-100-17.dat-s.res
NumThreads  is set as 1
Schur computation : DENSE 
   mu      thetaP  thetaD  objP      objD      alphaP  alphaD  beta 
Entering DMUMPS driver with JOB, N, NZ =  -2           0              0
 0 1.0e+004 1.0e+000 1.0e+000 -0.00e+000 -5.57e+004 9.1e-001 1.0e+000 2.00e-001
 1 1.8e+003 9.2e-002 2.2e-015 +9.02e-002 -6.97e+004 9.9e-001 1.6e+000 2.00e-001
 2 3.0e+002 6.3e-004 2.5e-015 +1.10e-001 -2.92e+004 1.0e+000 1.1e+000 2.00e-001
 3 4.5e+001 9.3e-018 1.2e-015 +1.20e-001 -4.53e+003 7.0e+001 9.8e-001 1.00e-001
 4 5.3e+000 9.3e-018 2.7e-016 -4.11e+000 -5.38e+002 9.8e-001 9.8e-001 1.00e-001
 5 6.1e-001 1.9e-017 2.8e-017 -3.94e+000 -6.46e+001 8.8e-001 9.5e-001 1.00e-001
 6 9.0e-002 1.9e-017 1.1e-017 -4.61e+000 -1.37e+001 1.0e+000 7.6e-001 1.00e-001
 7 2.8e-002 1.9e-017 8.6e-018 -4.79e+000 -7.61e+000 1.1e+000 9.7e-001 1.00e-001
 8 3.6e-003 1.9e-017 6.5e-018 -4.82e+000 -5.17e+000 1.0e+000 9.9e-001 1.00e-001
 9 3.9e-004 1.9e-017 1.4e-017 -4.82e+000 -4.86e+000 1.0e+000 1.0e+000 1.00e-001
10 4.0e-005 2.8e-017 8.6e-018 -4.82e+000 -4.83e+000 1.0e+000 1.0e+000 1.00e-001
11 4.0e-006 2.8e-017 1.7e-017 -4.82e+000 -4.82e+000 1.0e+000 1.0e+000 1.00e-001
12 4.0e-007 2.8e-017 2.8e-017 -4.82e+000 -4.82e+000 1.0e+000 1.0e+000 1.00e-001
13 4.0e-008 2.8e-017 3.9e-017 -4.82e+000 -4.82e+000 1.0e+000 1.0e+000 1.00e-001
14 4.0e-009 2.8e-017 7.7e-017 -4.82e+000 -4.82e+000 1.0e+000 1.0e+000 1.00e-001

phase.value  = pdOPT     
   Iteration = 14
          mu = +3.9902766024724198e-009
relative gap = +8.2749543968485024e-008
        gap  = +3.9902762516419443e-007
     digits  = +7.0822343909361258e+000
objValPrimal = -4.8221124796347663e+000
objValDual   = -4.8221128786623915e+000
p.feas.error = +2.6645352591003757e-015
d.feas.error = +2.0463630789890885e-012
total time   = 0.932947
  main loop time = 0.783197
      total time = 0.932947
file  check time = 0.000000
file change time = 0.000000
file   read time = 0.149750
SDPA end at [Tue Sep 07 12:42:33 2021]
ALL TIME = 0.966325
