SDPA (Version 7.3.6) start at [Tue Sep 07 12:42:26 2021]
param is ./param.sdpa
data  is G:\Research\PhysarumSDPSolver\SDPA\testSet\large2\large2-100-11.dat-s : sparse
out   is G:\Research\PhysarumSDPSolver\SDPA\testSet\large2\large2-100-11.dat-s.res
NumThreads  is set as 1
Schur computation : DENSE 
   mu      thetaP  thetaD  objP      objD      alphaP  alphaD  beta 
Entering DMUMPS driver with JOB, N, NZ =  -2           0              0
 0 1.0e+004 1.0e+000 1.0e+000 -0.00e+000 -5.69e+004 9.1e-001 1.0e+000 2.00e-001
 1 1.8e+003 9.3e-002 1.5e-015 +9.31e-001 -7.10e+004 9.8e-001 1.6e+000 2.00e-001
 2 3.0e+002 1.4e-003 3.4e-015 +9.46e-001 -2.84e+004 1.0e+000 1.1e+000 2.00e-001
 3 4.7e+001 9.3e-018 1.2e-015 +8.83e-001 -4.69e+003 5.5e+001 9.8e-001 1.00e-001
 4 5.5e+000 9.3e-018 3.0e-016 -4.56e+000 -5.59e+002 9.8e-001 9.8e-001 1.00e-001
 5 6.5e-001 1.9e-017 2.7e-017 -4.41e+000 -6.91e+001 8.6e-001 9.5e-001 1.00e-001
 6 9.7e-002 1.9e-017 7.1e-018 -5.29e+000 -1.50e+001 1.1e+000 7.6e-001 1.00e-001
 7 3.0e-002 1.9e-017 5.3e-018 -5.50e+000 -8.49e+000 1.0e+000 9.4e-001 1.00e-001
 8 4.5e-003 2.8e-017 2.0e-017 -5.54e+000 -5.98e+000 1.0e+000 9.9e-001 1.00e-001
 9 5.1e-004 2.8e-017 1.6e-017 -5.54e+000 -5.59e+000 1.0e+000 9.9e-001 1.00e-001
10 5.3e-005 2.8e-017 2.1e-017 -5.54e+000 -5.55e+000 1.0e+000 1.0e+000 1.00e-001
11 5.4e-006 2.8e-017 1.8e-017 -5.54e+000 -5.54e+000 1.0e+000 1.0e+000 1.00e-001
12 5.5e-007 2.8e-017 5.0e-017 -5.54e+000 -5.54e+000 1.0e+000 1.0e+000 1.00e-001
13 5.5e-008 2.8e-017 7.0e-017 -5.54e+000 -5.54e+000 1.0e+000 1.0e+000 1.00e-001
14 5.5e-009 2.8e-017 2.3e-016 -5.54e+000 -5.54e+000 1.0e+000 1.0e+000 1.00e-001

phase.value  = pdOPT     
   Iteration = 14
          mu = +5.4545023497887257e-009
relative gap = +9.8418182216624746e-008
        gap  = +5.4545027605712448e-007
     digits  = +7.0069246606449553e+000
objValPrimal = -5.5421695151353347e+000
objValDual   = -5.5421700605856108e+000
p.feas.error = +2.6645352591003757e-015
d.feas.error = +7.2475359047530219e-012
total time   = 0.523166
  main loop time = 0.333046
      total time = 0.523166
file  check time = 0.000000
file change time = 0.000000
file   read time = 0.190120
SDPA end at [Tue Sep 07 12:42:27 2021]
ALL TIME = 0.548091
