SDPA (Version 7.3.6) start at [Tue Sep 07 12:42:41 2021]
param is ./param.sdpa
data  is G:\Research\PhysarumSDPSolver\SDPA\testSet\large2\large2-100-9.dat-s : sparse
out   is G:\Research\PhysarumSDPSolver\SDPA\testSet\large2\large2-100-9.dat-s.res
NumThreads  is set as 1
Schur computation : DENSE 
   mu      thetaP  thetaD  objP      objD      alphaP  alphaD  beta 
Entering DMUMPS driver with JOB, N, NZ =  -2           0              0
 0 1.0e+004 1.0e+000 1.0e+000 -0.00e+000 -5.84e+004 9.1e-001 1.0e+000 2.00e-001
 1 1.8e+003 9.2e-002 1.4e-015 +7.81e-001 -7.30e+004 9.9e-001 1.6e+000 2.00e-001
 2 2.9e+002 6.4e-004 2.9e-015 +7.86e-001 -2.88e+004 1.0e+000 1.1e+000 2.00e-001
 3 4.6e+001 9.4e-018 1.4e-015 +7.91e-001 -4.55e+003 5.0e+001 9.8e-001 1.00e-001
 4 5.3e+000 9.4e-018 1.6e-016 -4.53e+000 -5.35e+002 9.8e-001 9.8e-001 1.00e-001
 5 6.3e-001 9.4e-018 2.3e-017 -4.47e+000 -6.70e+001 8.5e-001 9.3e-001 1.00e-001
 6 1.1e-001 9.4e-018 4.6e-018 -5.40e+000 -1.59e+001 8.7e-001 7.0e-001 1.00e-001
 7 3.8e-002 1.9e-017 8.7e-018 -5.68e+000 -9.52e+000 1.1e+000 8.6e-001 1.00e-001
 8 8.7e-003 1.9e-017 5.2e-017 -5.74e+000 -6.61e+000 1.2e+000 9.8e-001 1.00e-001
 9 1.0e-003 2.8e-017 2.1e-017 -5.74e+000 -5.85e+000 1.1e+000 9.9e-001 1.00e-001
10 1.1e-004 1.9e-017 1.7e-017 -5.75e+000 -5.76e+000 1.1e+000 9.9e-001 1.00e-001
11 1.2e-005 2.8e-017 2.1e-017 -5.75e+000 -5.75e+000 1.1e+000 1.0e+000 1.00e-001
12 1.2e-006 2.8e-017 5.1e-017 -5.75e+000 -5.75e+000 1.1e+000 1.0e+000 1.00e-001
13 1.2e-007 2.8e-017 3.5e-016 -5.75e+000 -5.75e+000 1.1e+000 1.0e+000 1.00e-001
14 1.2e-008 3.7e-017 8.9e-016 -5.75e+000 -5.75e+000 1.0e+000 1.0e+000 1.00e-001
15 1.2e-009 3.7e-017 1.9e-015 -5.75e+000 -5.75e+000 1.0e+000 1.0e+000 1.00e-001

phase.value  = pdOPT     
   Iteration = 15
          mu = +1.1873506072790364e-009
relative gap = +2.0665466918385047e-008
        gap  = +1.1873448535482112e-007
     digits  = +7.6847547777625156e+000
objValPrimal = -5.7455505165642844e+000
objValDual   = -5.7455506352987697e+000
p.feas.error = +3.5527136788005009e-015
d.feas.error = +5.5138116294983774e-011
total time   = 0.503498
  main loop time = 0.343183
      total time = 0.503498
file  check time = 0.000000
file change time = 0.000000
file   read time = 0.160315
SDPA end at [Tue Sep 07 12:42:42 2021]
ALL TIME = 0.568682
