SDPA (Version 7.3.6) start at [Tue Sep 07 12:42:38 2021]
param is ./param.sdpa
data  is G:\Research\PhysarumSDPSolver\SDPA\testSet\large2\large2-100-6.dat-s : sparse
out   is G:\Research\PhysarumSDPSolver\SDPA\testSet\large2\large2-100-6.dat-s.res
NumThreads  is set as 1
Schur computation : DENSE 
   mu      thetaP  thetaD  objP      objD      alphaP  alphaD  beta 
 0 1.0e+004 1.0e+000 1.0e+000 -0.00e+000 -5.22e+004 9.1e-001 1.0e+000 2.00e-001
 1 1.8e+003 9.2e-002 1.9e-015 +3.69e-001 -6.57e+004 9.9e-001 1.6e+000 2.00e-001
 2 3.0e+002 9.8e-004 2.8e-015 +3.69e-001 -2.94e+004 1.0e+000 1.1e+000 2.00e-001
 3 4.5e+001 9.2e-018 1.5e-015 +3.41e-001 -4.49e+003 7.3e+001 9.8e-001 1.00e-001
 4 5.4e+000 9.2e-018 4.2e-016 -2.99e+000 -5.39e+002 9.9e-001 9.9e-001 1.00e-001
 5 6.0e-001 9.2e-018 2.0e-017 -2.83e+000 -6.28e+001 9.3e-001 9.5e-001 1.00e-001
 6 8.4e-002 1.8e-017 1.0e-017 -3.32e+000 -1.18e+001 1.5e+000 8.7e-001 1.00e-001
 7 1.8e-002 1.8e-017 1.2e-017 -3.41e+000 -5.18e+000 1.2e+000 9.7e-001 1.00e-001
 8 2.2e-003 1.8e-017 1.7e-017 -3.42e+000 -3.64e+000 1.2e+000 9.5e-001 1.00e-001
 9 3.2e-004 2.8e-017 1.2e-016 -3.42e+000 -3.45e+000 1.1e+000 1.0e+000 1.00e-001
10 3.3e-005 2.8e-017 1.3e-016 -3.42e+000 -3.42e+000 1.0e+000 1.0e+000 1.00e-001
11 3.4e-006 2.8e-017 1.6e-016 -3.42e+000 -3.42e+000 1.0e+000 1.0e+000 1.00e-001
12 3.5e-007 1.8e-017 1.6e-016 -3.42e+000 -3.42e+000 1.0e+000 1.0e+000 1.00e-001
13 3.5e-008 1.8e-017 3.6e-016 -3.42e+000 -3.42e+000 1.0e+000 1.0e+000 1.00e-001
Strange behavior : primal < dual :: line 144 in sdpa_solve.cpp
Entering DMUMPS driver with JOB, N, NZ =  -2           0              0
14 3.5e-009 2.8e-017 1.3e-015 -3.42e+000 -3.42e+000 9.0e-001 9.0e-001 1.00e-001

phase.value  = pdFEAS    
   Iteration = 14
          mu = +3.4667060715143361e-009
relative gap = +1.0136365066892607e-007
        gap  = +3.4667046300285165e-007
     digits  = +6.9941177564827566e+000
objValPrimal = -3.4200666920063361e+000
objValDual   = -3.4200670386767991e+000
p.feas.error = +2.6645352591003757e-015
d.feas.error = +2.4755308913881890e-011
total time   = 0.808096
  main loop time = 0.683303
      total time = 0.808096
file  check time = 0.000000
file change time = 0.000000
file   read time = 0.124793
SDPA end at [Tue Sep 07 12:42:39 2021]
ALL TIME = 0.858159
