SDPA (Version 7.3.6) start at [Tue Sep 07 12:42:33 2021]
param is ./param.sdpa
data  is G:\Research\PhysarumSDPSolver\SDPA\testSet\large2\large2-100-18.dat-s : sparse
out   is G:\Research\PhysarumSDPSolver\SDPA\testSet\large2\large2-100-18.dat-s.res
NumThreads  is set as 1
Schur computation : DENSE 
   mu      thetaP  thetaD  objP      objD      alphaP  alphaD  beta 
 0 1.0e+004 1.0e+000 1.0e+000 -0.00e+000 -5.56e+004 9.1e-001 1.0e+000 2.00e-001
 1 1.8e+003 9.2e-002 1.7e-015 +1.20e-001 -6.93e+004 9.9e-001 1.6e+000 2.00e-001
 2 2.8e+002 1.1e-003 2.9e-015 +1.95e-001 -2.73e+004 1.0e+000 1.1e+000 2.00e-001
 3 4.6e+001 9.3e-018 2.1e-015 +2.14e-001 -4.59e+003 9.0e+001 9.8e-001 1.00e-001
 4 5.2e+000 9.3e-018 3.0e-016 -2.14e+000 -5.22e+002 9.8e-001 9.8e-001 1.00e-001
 5 6.0e-001 9.3e-018 5.0e-017 -2.06e+000 -6.16e+001 9.1e-001 9.4e-001 1.00e-001
 6 9.2e-002 9.3e-018 1.5e-017 -2.66e+000 -1.19e+001 1.8e+000 8.4e-001 1.00e-001
 7 2.2e-002 1.9e-017 8.0e-018 -2.75e+000 -4.92e+000 1.2e+000 8.9e-001 1.00e-001
 8 4.3e-003 1.9e-017 7.3e-018 -2.77e+000 -3.20e+000 1.2e+000 9.8e-001 1.00e-001
 9 4.9e-004 1.9e-017 1.2e-017 -2.77e+000 -2.82e+000 1.2e+000 9.9e-001 1.00e-001
10 5.2e-005 1.9e-017 4.4e-017 -2.77e+000 -2.77e+000 1.2e+000 1.0e+000 1.00e-001
11 5.3e-006 2.8e-017 7.6e-017 -2.77e+000 -2.77e+000 1.2e+000 1.0e+000 1.00e-001
12 5.3e-007 2.8e-017 1.8e-016 -2.77e+000 -2.77e+000 1.2e+000 1.0e+000 1.00e-001
13 5.3e-008 2.8e-017 2.9e-016 -2.77e+000 -2.77e+000 1.2e+000 1.0e+000 1.00e-001
Strange behavior : primal < dual :: line 144 in sdpa_solve.cpp
Entering DMUMPS driver with JOB, N, NZ =  -2           0              0
14 5.3e-009 2.8e-017 8.0e-016 -2.77e+000 -2.77e+000 9.0e-001 9.0e-001 1.00e-001

phase.value  = pdFEAS    
   Iteration = 14
          mu = +5.3218297690893482e-009
relative gap = +1.9220551250620168e-007
        gap  = +5.3218304696400764e-007
     digits  = +6.7162341608053842e+000
objValPrimal = -2.7688227506096039e+000
objValDual   = -2.7688232827926509e+000
p.feas.error = +2.6645352591003757e-015
d.feas.error = +1.5518253349000588e-011
total time   = 0.990707
  main loop time = 0.874469
      total time = 0.990707
file  check time = 0.000000
file change time = 0.000000
file   read time = 0.116238
SDPA end at [Tue Sep 07 12:42:34 2021]
ALL TIME = 1.032679
