SDPA (Version 7.3.6) start at [Tue Sep 07 12:42:28 2021]
param is ./param.sdpa
data  is G:\Research\PhysarumSDPSolver\SDPA\testSet\large2\large2-100-13.dat-s : sparse
out   is G:\Research\PhysarumSDPSolver\SDPA\testSet\large2\large2-100-13.dat-s.res
NumThreads  is set as 1
Schur computation : DENSE 
   mu      thetaP  thetaD  objP      objD      alphaP  alphaD  beta 
Entering DMUMPS driver with JOB, N, NZ =  -2           0              0
 0 1.0e+004 1.0e+000 1.0e+000 -0.00e+000 -5.42e+004 9.1e-001 1.0e+000 2.00e-001
 1 1.8e+003 9.2e-002 1.6e-015 +7.94e-001 -6.81e+004 9.9e-001 1.6e+000 2.00e-001
 2 3.1e+002 1.2e-003 1.9e-015 +8.59e-001 -3.00e+004 1.0e+000 1.1e+000 2.00e-001
 3 4.6e+001 9.3e-018 2.7e-015 +8.47e-001 -4.59e+003 5.5e+001 9.8e-001 1.00e-001
 4 5.5e+000 9.3e-018 3.8e-016 -4.27e+000 -5.59e+002 9.8e-001 9.8e-001 1.00e-001
 5 6.5e-001 1.9e-017 3.2e-017 -4.16e+000 -6.93e+001 8.6e-001 9.3e-001 1.00e-001
 6 1.1e-001 1.9e-017 6.8e-018 -5.04e+000 -1.57e+001 8.7e-001 6.8e-001 1.00e-001
 7 4.1e-002 1.9e-017 1.8e-017 -5.35e+000 -9.45e+000 1.1e+000 8.6e-001 1.00e-001
 8 9.0e-003 1.9e-017 1.8e-017 -5.40e+000 -6.30e+000 1.2e+000 9.7e-001 1.00e-001
 9 1.1e-003 1.9e-017 2.3e-017 -5.41e+000 -5.52e+000 1.1e+000 9.9e-001 1.00e-001
10 1.2e-004 1.9e-017 5.9e-017 -5.41e+000 -5.42e+000 1.1e+000 9.9e-001 1.00e-001
11 1.3e-005 2.8e-017 4.1e-017 -5.41e+000 -5.41e+000 1.0e+000 1.0e+000 1.00e-001
12 1.3e-006 2.8e-017 2.5e-016 -5.41e+000 -5.41e+000 1.0e+000 1.0e+000 1.00e-001
13 1.3e-007 1.9e-017 3.4e-016 -5.41e+000 -5.41e+000 1.0e+000 1.0e+000 1.00e-001
14 1.3e-008 2.8e-017 8.8e-016 -5.41e+000 -5.41e+000 1.0e+000 1.0e+000 1.00e-001
15 1.3e-009 2.8e-017 2.3e-015 -5.41e+000 -5.41e+000 1.0e+000 1.0e+000 1.00e-001

phase.value  = pdOPT     
   Iteration = 15
          mu = +1.2857851916514562e-009
relative gap = +2.3756461613554740e-008
        gap  = +1.2857867481841367e-007
     digits  = +7.6242182445049735e+000
objValPrimal = -5.4123663440587162e+000
objValDual   = -5.4123664726373910e+000
p.feas.error = +2.6645352591003757e-015
d.feas.error = +5.8520299717201851e-011
total time   = 0.575633
  main loop time = 0.350151
      total time = 0.575633
file  check time = 0.000000
file change time = 0.000000
file   read time = 0.225482
SDPA end at [Tue Sep 07 12:42:29 2021]
ALL TIME = 0.599640
