SDPA (Version 7.3.6) start at [Tue Sep 07 12:42:29 2021]
param is ./param.sdpa
data  is G:\Research\PhysarumSDPSolver\SDPA\testSet\large2\large2-100-14.dat-s : sparse
out   is G:\Research\PhysarumSDPSolver\SDPA\testSet\large2\large2-100-14.dat-s.res
NumThreads  is set as 1
Schur computation : DENSE 
   mu      thetaP  thetaD  objP      objD      alphaP  alphaD  beta 
Entering DMUMPS driver with JOB, N, NZ =  -2           0              0
 0 1.0e+004 1.0e+000 1.0e+000 -0.00e+000 -5.54e+004 9.1e-001 1.0e+000 2.00e-001
 1 1.8e+003 9.2e-002 1.9e-015 +4.85e-001 -6.94e+004 9.9e-001 1.6e+000 2.00e-001
 2 3.0e+002 1.1e-003 3.6e-015 +4.26e-001 -2.94e+004 1.0e+000 1.1e+000 2.00e-001
 3 4.7e+001 9.3e-018 2.9e-015 +3.54e-001 -4.68e+003 6.6e+001 9.8e-001 1.00e-001
 4 5.5e+000 9.3e-018 2.0e-016 -4.33e+000 -5.53e+002 9.8e-001 9.8e-001 1.00e-001
 5 6.3e-001 9.3e-018 3.9e-017 -4.14e+000 -6.68e+001 8.7e-001 9.5e-001 1.00e-001
 6 9.4e-002 1.9e-017 6.2e-018 -4.88e+000 -1.43e+001 9.0e-001 8.2e-001 1.00e-001
 7 2.4e-002 1.9e-017 1.1e-017 -5.04e+000 -7.46e+000 9.8e-001 9.6e-001 1.00e-001
 8 3.2e-003 1.9e-017 1.8e-017 -5.08e+000 -5.40e+000 9.8e-001 9.9e-001 1.00e-001
 9 3.5e-004 1.9e-017 3.3e-017 -5.08e+000 -5.12e+000 9.9e-001 1.0e+000 1.00e-001
10 3.6e-005 1.9e-017 1.4e-017 -5.09e+000 -5.09e+000 9.9e-001 1.0e+000 1.00e-001
11 3.6e-006 1.9e-017 2.6e-017 -5.09e+000 -5.09e+000 9.9e-001 1.0e+000 1.00e-001
12 3.6e-007 1.9e-017 1.5e-017 -5.09e+000 -5.09e+000 9.9e-001 1.0e+000 1.00e-001
13 3.6e-008 2.8e-017 4.3e-017 -5.09e+000 -5.09e+000 9.9e-001 1.0e+000 1.00e-001
14 3.6e-009 2.8e-017 6.5e-017 -5.09e+000 -5.09e+000 9.9e-001 1.0e+000 1.00e-001

phase.value  = pdOPT     
   Iteration = 14
          mu = +3.6156155376609880e-009
relative gap = +7.1101748957883973e-008
        gap  = +3.6156153893074361e-007
     digits  = +7.1481197163811174e+000
objValPrimal = -5.0851284444645675e+000
objValDual   = -5.0851288060261064e+000
p.feas.error = +2.6645352591003757e-015
d.feas.error = +1.3358203432289883e-012
total time   = 0.466578
  main loop time = 0.320206
      total time = 0.466578
file  check time = 0.000000
file change time = 0.000000
file   read time = 0.146372
SDPA end at [Tue Sep 07 12:42:29 2021]
ALL TIME = 0.475478
