SDPA (Version 7.3.6) start at [Thu Jul 15 21:27:31 2021]
param is ./param.sdpa
data  is G:\Research\PhysarumSDPSolver\SDPA\testSet\vertex-conver1\vertex-cover51.dat-s : sparse
out   is G:\Research\PhysarumSDPSolver\SDPA\testSet\vertex-conver1\vertex-cover51.dat-s.res
NumThreads  is set as 1
Schur computation : DENSE 
   mu      thetaP  thetaD  objP      objD      alphaP  alphaD  beta 
 0 1.0e+004 1.0e+000 1.0e+000 -0.00e+000 -6.00e+002 1.0e+000 7.9e-001 2.00e-001
 1 2.8e+003 0.0e+000 2.1e-001 +3.55e+002 -1.59e+002 8.5e-001 8.5e-001 2.00e-001
 2 6.0e+002 7.2e-017 3.1e-002 +4.53e+002 -2.59e+001 4.1e+000 8.7e-001 2.00e-001
 3 1.8e+002 0.0e+000 4.0e-003 +3.64e+002 -6.67e+000 2.5e+000 9.5e-001 2.00e-001
 4 2.2e+001 1.4e-016 1.8e-004 +1.14e+002 -4.20e+000 1.0e+000 1.0e+000 2.00e-001
 5 4.4e+000 1.4e-016 2.9e-017 +2.21e+001 -4.04e+000 9.2e-001 4.7e+000 1.00e-001
 6 6.6e-001 1.8e-016 4.6e-016 +7.23e-001 -3.21e+000 7.8e-001 1.2e+000 1.00e-001
 7 1.6e-001 1.8e-016 1.6e-016 -1.69e+000 -2.66e+000 8.9e-001 9.8e-001 1.00e-001
 8 2.4e-002 1.8e-016 2.4e-017 -1.97e+000 -2.11e+000 1.0e+000 9.5e-001 1.00e-001
 9 3.1e-003 1.8e-016 3.3e-018 -2.00e+000 -2.02e+000 1.0e+000 9.8e-001 1.00e-001
10 3.6e-004 1.9e-016 1.8e-017 -2.00e+000 -2.00e+000 1.0e+000 9.9e-001 1.00e-001
11 3.9e-005 1.8e-016 2.0e-016 -2.00e+000 -2.00e+000 1.0e+000 9.9e-001 1.00e-001
12 3.9e-006 1.8e-016 8.6e-016 -2.00e+000 -2.00e+000 1.0e+000 1.0e+000 1.00e-001
13 3.9e-007 1.8e-016 4.9e-015 -2.00e+000 -2.00e+000 1.0e+000 1.0e+000 1.00e-001
Strange behavior : primal < dual :: line 144 in sdpa_solve.cpp
Entering DMUMPS driver with JOB, N, NZ =  -2           0              0
14 3.9e-008 1.8e-016 2.7e-013 -2.00e+000 -2.00e+000 9.0e-001 9.0e-001 1.00e-001

phase.value  = pdFEAS    
   Iteration = 14
          mu = +3.9032616546326913e-008
relative gap = +1.1703621662841481e-007
        gap  = +2.3407244320594600e-007
     digits  = +6.9316797258776184e+000
objValPrimal = -1.9999999679726472e+000
objValDual   = -2.0000002020450904e+000
p.feas.error = +1.7763568394002505e-014
d.feas.error = +5.3915760744871477e-011
total time   = 0.015358
  main loop time = 0.015358
      total time = 0.015358
file  check time = 0.000000
file change time = 0.000000
file   read time = 0.000000
SDPA end at [Thu Jul 15 21:27:31 2021]
ALL TIME = 0.017732
