SDPA (Version 7.3.6) start at [Thu Jul 15 21:27:31 2021]
param is ./param.sdpa
data  is G:\Research\PhysarumSDPSolver\SDPA\testSet\vertex-conver1\vertex-cover515.dat-s : sparse
out   is G:\Research\PhysarumSDPSolver\SDPA\testSet\vertex-conver1\vertex-cover515.dat-s.res
NumThreads  is set as 1
Schur computation : DENSE 
   mu      thetaP  thetaD  objP      objD      alphaP  alphaD  beta 
 0 1.0e+004 1.0e+000 1.0e+000 -0.00e+000 -6.00e+002 1.0e+000 7.7e-001 2.00e-001
 1 3.0e+003 0.0e+000 2.3e-001 +3.18e+002 -1.83e+002 8.7e-001 8.7e-001 2.00e-001
 2 5.7e+002 7.2e-017 3.0e-002 +4.13e+002 -2.61e+001 4.7e+000 8.9e-001 2.00e-001
 3 1.7e+002 2.9e-016 3.4e-003 +3.72e+002 -6.25e+000 2.3e+000 9.9e-001 2.00e-001
 4 1.9e+001 1.4e-016 2.0e-005 +1.10e+002 -4.04e+000 9.9e-001 1.0e+000 2.00e-001
 5 3.9e+000 2.2e-016 2.7e-017 +1.96e+001 -3.98e+000 9.1e-001 4.4e+000 1.00e-001
 6 6.1e-001 1.9e-016 1.3e-016 +5.15e-001 -3.12e+000 7.8e-001 1.1e+000 1.00e-001
 7 1.5e-001 1.9e-016 6.2e-017 -1.72e+000 -2.64e+000 9.1e-001 9.4e-001 1.00e-001
 8 2.5e-002 1.9e-016 2.0e-017 -1.97e+000 -2.12e+000 1.1e+000 9.3e-001 1.00e-001
 9 3.4e-003 1.9e-016 4.4e-018 -2.00e+000 -2.02e+000 1.0e+000 9.7e-001 1.00e-001
10 4.0e-004 1.9e-016 4.2e-017 -2.00e+000 -2.00e+000 1.0e+000 9.9e-001 1.00e-001
11 4.3e-005 1.9e-016 2.3e-016 -2.00e+000 -2.00e+000 1.0e+000 9.9e-001 1.00e-001
12 4.3e-006 1.9e-016 2.7e-015 -2.00e+000 -2.00e+000 1.1e+000 9.9e-001 1.00e-001
13 4.3e-007 1.9e-016 2.2e-014 -2.00e+000 -2.00e+000 1.1e+000 9.9e-001 1.00e-001
Strange behavior : primal < dual :: line 144 in sdpa_solve.cpp
Entering DMUMPS driver with JOB, N, NZ =  -2           0              0
14 4.4e-008 1.9e-016 2.2e-013 -2.00e+000 -2.00e+000 9.0e-001 9.0e-001 1.00e-001

phase.value  = pdFEAS    
   Iteration = 14
          mu = +4.3524337245415268e-008
relative gap = +1.3054157546910876e-007
        gap  = +2.6108316397710496e-007
     digits  = +6.8842511502319566e+000
objValPrimal = -1.9999999693414430e+000
objValDual   = -2.0000002304246070e+000
p.feas.error = +1.8762769116165146e-014
d.feas.error = +4.3383963088672317e-011
total time   = 0.013764
  main loop time = 0.013764
      total time = 0.013764
file  check time = 0.000000
file change time = 0.000000
file   read time = 0.000000
SDPA end at [Thu Jul 15 21:27:31 2021]
ALL TIME = 0.016724
