SDPA (Version 7.3.6) start at [Thu Jul 15 21:27:31 2021]
param is ./param.sdpa
data  is G:\Research\PhysarumSDPSolver\SDPA\testSet\vertex-conver1\vertex-cover50.dat-s : sparse
out   is G:\Research\PhysarumSDPSolver\SDPA\testSet\vertex-conver1\vertex-cover50.dat-s.res
NumThreads  is set as 1
Schur computation : DENSE 
   mu      thetaP  thetaD  objP      objD      alphaP  alphaD  beta 
Entering DMUMPS driver with JOB, N, NZ =  -2           0              0
 0 1.0e+004 1.0e+000 1.0e+000 -0.00e+000 -6.00e+002 1.0e+000 8.3e-001 2.00e-001
 1 2.3e+003 0.0e+000 1.7e-001 +4.03e+002 -1.24e+002 8.7e-001 8.7e-001 2.00e-001
 2 4.8e+002 9.0e-017 2.3e-002 +5.05e+002 -1.91e+001 2.4e+000 8.5e-001 2.00e-001
 3 1.2e+002 2.9e-016 3.4e-003 +2.83e+002 -6.17e+000 1.6e+000 9.0e-001 2.00e-001
 4 2.2e+001 2.9e-016 3.5e-004 +9.16e+001 -4.59e+000 1.1e+000 1.0e+000 2.00e-001
 5 3.8e+000 2.2e-016 7.7e-017 +1.85e+001 -4.49e+000 9.2e-001 5.9e+000 1.00e-001
 6 5.9e-001 1.9e-016 1.2e-015 -3.77e-001 -3.91e+000 8.0e-001 1.7e+000 1.00e-001
 7 1.3e-001 1.9e-016 7.1e-016 -2.72e+000 -3.47e+000 9.2e-001 9.9e-001 1.00e-001
 8 1.7e-002 1.9e-016 7.3e-017 -2.97e+000 -3.07e+000 9.9e-001 9.5e-001 1.00e-001
 9 2.3e-003 1.9e-016 1.8e-017 -3.00e+000 -3.01e+000 9.8e-001 9.9e-001 1.00e-001
10 2.5e-004 1.9e-016 1.0e-017 -3.00e+000 -3.00e+000 9.9e-001 1.0e+000 1.00e-001
11 2.6e-005 1.9e-016 3.0e-016 -3.00e+000 -3.00e+000 9.9e-001 1.0e+000 1.00e-001
12 2.6e-006 1.9e-016 3.2e-015 -3.00e+000 -3.00e+000 9.9e-001 1.0e+000 1.00e-001
13 2.6e-007 1.9e-016 1.0e-014 -3.00e+000 -3.00e+000 9.9e-001 1.0e+000 1.00e-001
14 2.6e-008 1.9e-016 1.3e-013 -3.00e+000 -3.00e+000 9.9e-001 1.0e+000 1.00e-001

phase.value  = pdOPT     
   Iteration = 14
          mu = +2.6241787557760670e-008
relative gap = +5.2535315522984510e-008
        gap  = +1.5760594918035054e-007
     digits  = +7.2795486550600259e+000
objValPrimal = -2.9999999709044838e+000
objValDual   = -3.0000001285104330e+000
p.feas.error = +1.8429702208777599e-014
d.feas.error = +2.6558755195082995e-011
total time   = 0.014646
  main loop time = 0.014646
      total time = 0.014646
file  check time = 0.000000
file change time = 0.000000
file   read time = 0.000000
SDPA end at [Thu Jul 15 21:27:31 2021]
ALL TIME = 0.017026
