SDPA (Version 7.3.6) start at [Thu Jul 15 21:27:32 2021]
param is ./param.sdpa
data  is G:\Research\PhysarumSDPSolver\SDPA\testSet\vertex-conver1\vertex-cover56.dat-s : sparse
out   is G:\Research\PhysarumSDPSolver\SDPA\testSet\vertex-conver1\vertex-cover56.dat-s.res
NumThreads  is set as 1
Schur computation : DENSE 
   mu      thetaP  thetaD  objP      objD      alphaP  alphaD  beta 
 0 1.0e+004 1.0e+000 1.0e+000 -0.00e+000 -6.00e+002 1.0e+000 8.6e-001 2.00e-001
 1 2.0e+003 0.0e+000 1.4e-001 +4.23e+002 -1.03e+002 8.6e-001 8.6e-001 2.00e-001
 2 4.3e+002 9.0e-017 2.0e-002 +5.22e+002 -1.67e+001 2.0e+000 8.3e-001 2.00e-001
 3 1.1e+002 1.4e-016 3.3e-003 +2.67e+002 -6.06e+000 1.4e+000 8.5e-001 2.00e-001
 4 2.5e+001 1.4e-016 5.0e-004 +9.50e+001 -4.78e+000 1.2e+000 1.0e+000 2.00e-001
 5 4.2e+000 1.4e-016 5.8e-017 +2.02e+001 -4.73e+000 9.4e-001 1.1e+001 1.00e-001
 6 5.8e-001 2.9e-016 3.4e-015 -7.85e-001 -4.29e+000 9.1e-001 2.8e+000 1.00e-001
 7 7.8e-002 2.8e-016 5.8e-015 -3.60e+000 -4.07e+000 9.6e-001 1.1e+000 1.00e-001
 8 9.3e-003 2.9e-016 4.9e-016 -3.96e+000 -4.02e+000 9.6e-001 1.1e+000 1.00e-001
 9 1.0e-003 2.9e-016 1.2e-016 -4.00e+000 -4.00e+000 9.7e-001 1.0e+000 1.00e-001
10 1.1e-004 2.9e-016 1.4e-016 -4.00e+000 -4.00e+000 9.7e-001 1.0e+000 1.00e-001
11 1.2e-005 2.8e-016 3.4e-016 -4.00e+000 -4.00e+000 9.8e-001 1.0e+000 1.00e-001
12 1.2e-006 2.8e-016 7.1e-015 -4.00e+000 -4.00e+000 9.8e-001 1.0e+000 1.00e-001
Strange behavior : primal < dual :: line 144 in sdpa_solve.cpp
Entering DMUMPS driver with JOB, N, NZ =  -2           0              0
13 1.2e-007 2.9e-016 3.7e-014 -4.00e+000 -4.00e+000 9.0e-001 9.0e-001 1.00e-001

phase.value  = pdFEAS    
   Iteration = 13
          mu = +1.1734223133904227e-007
relative gap = +1.7602384578330061e-007
        gap  = +7.0409536645499315e-007
     digits  = +6.7544284947392166e+000
objValPrimal = -3.9999995532026014e+000
objValDual   = -4.0000002572979678e+000
p.feas.error = +2.8421709430404007e-014
d.feas.error = +7.4451556031362998e-012
total time   = 0.016703
  main loop time = 0.015733
      total time = 0.016703
file  check time = 0.000000
file change time = 0.000000
file   read time = 0.000970
SDPA end at [Thu Jul 15 21:27:32 2021]
ALL TIME = 0.017176
