SDPA (Version 7.3.6) start at [Thu Jul 15 21:27:32 2021]
param is ./param.sdpa
data  is G:\Research\PhysarumSDPSolver\SDPA\testSet\vertex-conver1\vertex-cover58.dat-s : sparse
out   is G:\Research\PhysarumSDPSolver\SDPA\testSet\vertex-conver1\vertex-cover58.dat-s.res
NumThreads  is set as 1
Schur computation : DENSE 
   mu      thetaP  thetaD  objP      objD      alphaP  alphaD  beta 
Entering DMUMPS driver with JOB, N, NZ =  -2           0              0
 0 1.0e+004 1.0e+000 1.0e+000 -0.00e+000 -6.00e+002 1.0e+000 8.3e-001 2.00e-001
 1 2.3e+003 0.0e+000 1.7e-001 +3.97e+002 -1.27e+002 8.7e-001 8.7e-001 2.00e-001
 2 4.7e+002 1.4e-016 2.3e-002 +4.99e+002 -1.91e+001 2.4e+000 8.5e-001 2.00e-001
 3 1.2e+002 1.4e-016 3.3e-003 +2.80e+002 -6.08e+000 1.6e+000 9.1e-001 2.00e-001
 4 2.0e+001 2.9e-016 3.1e-004 +8.88e+001 -4.57e+000 1.1e+000 1.0e+000 2.00e-001
 5 3.7e+000 2.2e-016 8.3e-017 +1.77e+001 -4.43e+000 9.1e-001 6.0e+000 1.00e-001
 6 5.7e-001 1.9e-016 3.0e-016 -4.45e-001 -3.87e+000 8.0e-001 1.7e+000 1.00e-001
 7 1.2e-001 1.9e-016 2.3e-016 -2.73e+000 -3.46e+000 9.4e-001 9.5e-001 1.00e-001
 8 1.8e-002 1.9e-016 5.3e-017 -2.97e+000 -3.08e+000 1.0e+000 9.5e-001 1.00e-001
 9 2.4e-003 1.9e-016 1.6e-017 -3.00e+000 -3.01e+000 9.9e-001 9.9e-001 1.00e-001
10 2.7e-004 1.9e-016 4.4e-018 -3.00e+000 -3.00e+000 1.0e+000 1.0e+000 1.00e-001
11 2.8e-005 1.9e-016 9.1e-017 -3.00e+000 -3.00e+000 1.0e+000 1.0e+000 1.00e-001
12 2.8e-006 1.9e-016 7.9e-016 -3.00e+000 -3.00e+000 1.0e+000 1.0e+000 1.00e-001
13 2.8e-007 1.9e-016 7.3e-015 -3.00e+000 -3.00e+000 1.0e+000 1.0e+000 1.00e-001
14 2.8e-008 1.9e-016 2.2e-014 -3.00e+000 -3.00e+000 1.0e+000 1.0e+000 1.00e-001

phase.value  = pdOPT     
   Iteration = 14
          mu = +2.7632723368734940e-008
relative gap = +5.5263384260874918e-008
        gap  = +1.6579015582607326e-007
     digits  = +7.2575625229515550e+000
objValPrimal = -2.9999999721766217e+000
objValDual   = -3.0000001379667776e+000
p.feas.error = +1.8762769116165146e-014
d.feas.error = +4.4371173402169006e-012
total time   = 0.015427
  main loop time = 0.015427
      total time = 0.015427
file  check time = 0.000000
file change time = 0.000000
file   read time = 0.000000
SDPA end at [Thu Jul 15 21:27:32 2021]
ALL TIME = 0.017425
