SDPA (Version 7.3.6) start at [Thu Jul 15 21:27:32 2021]
param is ./param.sdpa
data  is G:\Research\PhysarumSDPSolver\SDPA\testSet\vertexcover2\vertexcover2012.dat-s : sparse
out   is G:\Research\PhysarumSDPSolver\SDPA\testSet\vertexcover2\vertexcover2012.dat-s.res
NumThreads  is set as 1
Schur computation : DENSE 
   mu      thetaP  thetaD  objP      objD      alphaP  alphaD  beta 
Entering DMUMPS driver with JOB, N, NZ =  -2           0              0
 0 1.0e+004 1.0e+000 1.0e+000 -0.00e+000 -2.10e+003 1.0e+000 8.5e-001 2.00e-001
 1 2.2e+003 0.0e+000 1.5e-001 +1.37e+003 -3.64e+002 8.3e-001 8.3e-001 2.00e-001
 2 5.3e+002 2.0e-016 2.6e-002 +1.69e+003 -6.96e+001 1.4e+000 7.3e-001 2.00e-001
 3 2.1e+002 2.9e-016 7.1e-003 +1.29e+003 -2.82e+001 8.8e-001 6.3e-001 2.00e-001
 4 9.8e+001 1.4e-016 2.6e-003 +8.51e+002 -1.97e+001 6.7e-001 6.1e-001 2.00e-001
 5 4.7e+001 2.9e-016 1.0e-003 +5.14e+002 -1.72e+001 6.9e-001 8.1e-001 2.00e-001
 6 1.8e+001 2.9e-016 2.0e-004 +2.79e+002 -1.62e+001 1.0e+000 1.0e+000 2.00e-001
 7 3.9e+000 4.3e-016 9.9e-016 +6.68e+001 -1.60e+001 9.0e-001 3.5e+000 1.00e-001
 8 7.1e-001 5.0e-016 6.4e-015 -3.43e-001 -1.53e+001 7.5e-001 1.1e+000 1.00e-001
 9 2.3e-001 5.2e-016 1.8e-015 -1.00e+001 -1.48e+001 6.5e-001 7.3e-001 1.00e-001
10 9.1e-002 5.1e-016 7.7e-016 -1.21e+001 -1.40e+001 8.5e-001 7.6e-001 1.00e-001
11 2.6e-002 5.2e-016 9.0e-016 -1.27e+001 -1.33e+001 9.0e-001 8.2e-001 1.00e-001
12 5.8e-003 5.2e-016 2.3e-016 -1.29e+001 -1.31e+001 8.5e-001 8.5e-001 1.00e-001
13 1.4e-003 5.1e-016 5.4e-016 -1.30e+001 -1.30e+001 9.4e-001 9.4e-001 1.00e-001
14 2.1e-004 5.1e-016 2.7e-015 -1.30e+001 -1.30e+001 9.6e-001 9.8e-001 1.00e-001
15 2.7e-005 5.1e-016 5.1e-015 -1.30e+001 -1.30e+001 9.8e-001 1.0e+000 1.00e-001
16 2.9e-006 5.2e-016 2.9e-015 -1.30e+001 -1.30e+001 9.9e-001 1.0e+000 1.00e-001
17 3.0e-007 5.2e-016 7.8e-015 -1.30e+001 -1.30e+001 9.9e-001 1.0e+000 1.00e-001
18 3.0e-008 5.2e-016 8.5e-015 -1.30e+001 -1.30e+001 9.9e-001 1.0e+000 1.00e-001

phase.value  = pdOPT     
   Iteration = 18
          mu = +3.0428813077708666e-008
relative gap = +4.9153798410966483e-008
        gap  = +6.3899937430278442e-007
     digits  = +7.3084429159766531e+000
objValPrimal = -1.2999999577969481e+001
objValDual   = -1.3000000216968855e+001
p.feas.error = +5.1070259132757201e-014
d.feas.error = +1.7075230118734908e-012
total time   = 0.083534
  main loop time = 0.082536
      total time = 0.083534
file  check time = 0.000000
file change time = 0.000000
file   read time = 0.000998
SDPA end at [Thu Jul 15 21:27:32 2021]
ALL TIME = 0.085854
