SDPA (Version 7.3.6) start at [Thu Jul 15 21:27:31 2021]
param is ./param.sdpa
data  is G:\Research\PhysarumSDPSolver\SDPA\testSet\vertex-conver1\vertex-cover519.dat-s : sparse
out   is G:\Research\PhysarumSDPSolver\SDPA\testSet\vertex-conver1\vertex-cover519.dat-s.res
NumThreads  is set as 1
Schur computation : DENSE 
   mu      thetaP  thetaD  objP      objD      alphaP  alphaD  beta 
 0 1.0e+004 1.0e+000 1.0e+000 -0.00e+000 -6.00e+002 1.0e+000 8.6e-001 2.00e-001
 1 1.9e+003 0.0e+000 1.4e-001 +4.31e+002 -9.96e+001 8.6e-001 8.6e-001 2.00e-001
 2 4.3e+002 1.4e-016 2.0e-002 +5.31e+002 -1.65e+001 2.0e+000 8.3e-001 2.00e-001
 3 1.1e+002 2.9e-016 3.4e-003 +2.71e+002 -6.08e+000 1.3e+000 8.3e-001 2.00e-001
 4 2.7e+001 2.9e-016 5.8e-004 +9.84e+001 -4.85e+000 1.1e+000 1.0e+000 2.00e-001
 5 5.0e+000 4.3e-016 6.7e-017 +2.52e+001 -4.81e+000 9.4e-001 2.0e+001 1.00e-001
 6 7.0e-001 4.7e-016 8.2e-015 -1.27e-001 -4.30e+000 9.3e-001 3.7e+000 1.00e-001
 7 9.5e-002 4.6e-016 2.2e-014 -3.58e+000 -4.14e+000 9.4e-001 1.0e+000 1.00e-001
 8 1.3e-002 4.6e-016 6.3e-016 -3.96e+000 -4.03e+000 9.6e-001 1.0e+000 1.00e-001
 9 1.5e-003 4.7e-016 1.0e-016 -4.00e+000 -4.00e+000 9.6e-001 1.0e+000 1.00e-001
10 1.6e-004 4.6e-016 5.8e-017 -4.00e+000 -4.00e+000 9.7e-001 1.0e+000 1.00e-001
11 1.6e-005 4.7e-016 3.9e-016 -4.00e+000 -4.00e+000 9.7e-001 1.0e+000 1.00e-001
12 1.6e-006 4.7e-016 1.8e-015 -4.00e+000 -4.00e+000 9.7e-001 1.0e+000 1.00e-001
Strange behavior : primal < dual :: line 144 in sdpa_solve.cpp
Entering DMUMPS driver with JOB, N, NZ =  -2           0              0
13 1.6e-007 4.6e-016 1.8e-014 -4.00e+000 -4.00e+000 9.0e-001 9.0e-001 1.00e-001

phase.value  = pdFEAS    
   Iteration = 13
          mu = +1.6398082965570401e-007
relative gap = +2.4597042235456452e-007
        gap  = +9.8388169700314165e-007
     digits  = +6.6091171131425224e+000
objValPrimal = -3.9999995388957190e+000
objValDual   = -4.0000005227774160e+000
p.feas.error = +4.5741188614556449e-014
d.feas.error = +3.5205172110863714e-012
total time   = 0.016055
  main loop time = 0.016055
      total time = 0.016055
file  check time = 0.000000
file change time = 0.000000
file   read time = 0.000000
SDPA end at [Thu Jul 15 21:27:31 2021]
ALL TIME = 0.017512
