SDPA (Version 7.3.6) start at [Thu Jul 15 21:27:31 2021]
param is ./param.sdpa
data  is G:\Research\PhysarumSDPSolver\SDPA\testSet\vertex-conver1\vertex-cover518.dat-s : sparse
out   is G:\Research\PhysarumSDPSolver\SDPA\testSet\vertex-conver1\vertex-cover518.dat-s.res
NumThreads  is set as 1
Schur computation : DENSE 
   mu      thetaP  thetaD  objP      objD      alphaP  alphaD  beta 
 0 1.0e+004 1.0e+000 1.0e+000 -0.00e+000 -6.00e+002 1.0e+000 7.8e-001 2.00e-001
 1 2.9e+003 0.0e+000 2.2e-001 +3.29e+002 -1.77e+002 8.8e-001 8.8e-001 2.00e-001
 2 5.1e+002 7.2e-017 2.6e-002 +4.26e+002 -2.25e+001 3.4e+000 8.8e-001 2.00e-001
 3 1.4e+002 1.4e-016 3.1e-003 +3.18e+002 -5.99e+000 2.4e+000 9.5e-001 2.00e-001
 4 9.5e+000 0.0e+000 1.6e-004 +4.33e+001 -4.23e+000 1.1e+000 1.0e+000 2.00e-001
 5 1.4e+000 7.2e-017 5.3e-017 +4.00e+000 -4.15e+000 8.5e-001 1.6e+000 1.00e-001
 6 2.7e-001 9.9e-017 3.6e-016 -1.84e+000 -3.43e+000 9.3e-001 1.1e+000 1.00e-001
 7 3.6e-002 1.1e-016 1.8e-016 -2.87e+000 -3.09e+000 9.8e-001 9.4e-001 1.00e-001
 8 4.8e-003 1.1e-016 2.3e-016 -2.99e+000 -3.01e+000 9.9e-001 9.8e-001 1.00e-001
 9 5.4e-004 1.1e-016 5.6e-017 -3.00e+000 -3.00e+000 9.9e-001 1.0e+000 1.00e-001
10 5.7e-005 1.1e-016 1.1e-016 -3.00e+000 -3.00e+000 1.0e+000 1.0e+000 1.00e-001
11 5.7e-006 1.1e-016 1.3e-016 -3.00e+000 -3.00e+000 1.0e+000 1.0e+000 1.00e-001
12 5.8e-007 1.1e-016 4.0e-016 -3.00e+000 -3.00e+000 1.0e+000 1.0e+000 1.00e-001
Strange behavior : primal < dual :: line 144 in sdpa_solve.cpp
Entering DMUMPS driver with JOB, N, NZ =  -2           0              0
13 5.8e-008 1.1e-016 3.9e-016 -3.00e+000 -3.00e+000 9.0e-001 9.0e-001 1.00e-001

phase.value  = pdFEAS    
   Iteration = 13
          mu = +5.7644196675236494e-008
relative gap = +1.1528834513848164e-007
        gap  = +3.4586503483424735e-007
     digits  = +6.9382145946817522e+000
objValPrimal = -2.9999998220262309e+000
objValDual   = -3.0000001678912658e+000
p.feas.error = +1.1102230246251565e-014
d.feas.error = +7.8159700933611020e-014
total time   = 0.014738
  main loop time = 0.014738
      total time = 0.014738
file  check time = 0.000000
file change time = 0.000000
file   read time = 0.000000
SDPA end at [Thu Jul 15 21:27:31 2021]
ALL TIME = 0.015734
