SDPA (Version 7.3.6) start at [Tue Sep 07 12:42:42 2021]
param is ./param.sdpa
data  is G:\Research\PhysarumSDPSolver\SDPA\testSet\vertexcover3\vertexcover3-500.dat-s : sparse
out   is G:\Research\PhysarumSDPSolver\SDPA\testSet\vertexcover3\vertexcover3-500.dat-s.res
NumThreads  is set as 1
Schur computation : DENSE 
   mu      thetaP  thetaD  objP      objD      alphaP  alphaD  beta 
Entering DMUMPS driver with JOB, N, NZ =  -2           0              0
 0 1.0e+004 1.0e+000 1.0e+000 -0.00e+000 -5.10e+003 7.6e-001 7.1e-001 2.00e-001
 1 3.7e+003 2.4e-001 2.9e-001 +1.38e+003 -1.94e+003 1.0e+000 6.3e-001 2.00e-001
 2 1.9e+003 1.1e-016 1.1e-001 +3.01e+003 -6.14e+002 7.8e-001 7.8e-001 2.00e-001
 3 5.9e+002 1.4e-016 2.3e-002 +3.57e+003 -1.67e+002 1.3e+000 7.5e-001 2.00e-001
 4 2.3e+002 2.9e-016 5.7e-003 +3.28e+003 -6.29e+001 8.4e-001 6.7e-001 2.00e-001
 5 1.0e+002 5.7e-016 1.9e-003 +2.53e+003 -4.21e+001 8.5e-001 7.5e-001 2.00e-001
 6 3.8e+001 2.9e-016 4.8e-004 +1.44e+003 -3.26e+001 1.1e+000 1.0e+000 2.00e-001
 7 7.2e+000 2.9e-016 5.7e-016 +3.37e+002 -3.05e+001 8.5e-001 1.9e+000 1.00e-001
 8 1.7e+000 3.2e-016 1.1e-015 +5.78e+001 -2.78e+001 6.6e-001 7.2e-001 1.00e-001
 9 6.7e-001 3.2e-016 8.0e-016 +8.48e+000 -2.59e+001 5.2e-001 5.5e-001 1.00e-001
10 3.5e-001 3.2e-016 6.0e-016 -5.07e+000 -2.31e+001 8.2e-001 5.1e-001 1.00e-001
11 1.4e-001 3.3e-016 4.9e-016 -1.22e+001 -1.93e+001 1.0e+000 8.6e-001 1.00e-001
12 2.7e-002 3.3e-016 6.7e-017 -1.35e+001 -1.49e+001 9.4e-001 9.6e-001 1.00e-001
13 3.8e-003 3.3e-016 8.9e-018 -1.39e+001 -1.41e+001 9.2e-001 9.3e-001 1.00e-001
14 6.4e-004 3.3e-016 1.7e-017 -1.40e+001 -1.40e+001 9.2e-001 9.4e-001 1.00e-001
15 1.0e-004 3.3e-016 3.3e-017 -1.40e+001 -1.40e+001 9.3e-001 9.6e-001 1.00e-001
16 1.5e-005 3.3e-016 1.3e-016 -1.40e+001 -1.40e+001 9.4e-001 9.9e-001 1.00e-001
17 1.9e-006 3.2e-016 2.0e-015 -1.40e+001 -1.40e+001 9.5e-001 1.0e+000 1.00e-001
18 2.1e-007 3.3e-016 1.3e-014 -1.40e+001 -1.40e+001 9.6e-001 1.0e+000 1.00e-001
19 2.1e-008 3.3e-016 1.9e-013 -1.40e+001 -1.40e+001 9.6e-001 1.0e+000 1.00e-001

phase.value  = pdOPT     
   Iteration = 19
          mu = +2.1128909236602018e-008
relative gap = +7.6968961544554104e-008
        gap  = +1.0775654715189376e-006
     digits  = +7.1136843728469410e+000
objValPrimal = -1.3999999589777920e+001
objValDual   = -1.4000000667343391e+001
p.feas.error = +3.2196467714129540e-014
d.feas.error = +3.7511327377615089e-011
total time   = 0.428659
  main loop time = 0.420657
      total time = 0.428659
file  check time = 0.000000
file change time = 0.000000
file   read time = 0.008002
SDPA end at [Tue Sep 07 12:42:43 2021]
ALL TIME = 0.436659
