SDPA (Version 7.3.6) start at [Tue Sep 07 12:42:45 2021]
param is ./param.sdpa
data  is G:\Research\PhysarumSDPSolver\SDPA\testSet\vertexcover3\vertexcover3-505.dat-s : sparse
out   is G:\Research\PhysarumSDPSolver\SDPA\testSet\vertexcover3\vertexcover3-505.dat-s.res
NumThreads  is set as 1
Schur computation : DENSE 
   mu      thetaP  thetaD  objP      objD      alphaP  alphaD  beta 
Entering DMUMPS driver with JOB, N, NZ =  -2           0              0
 0 1.0e+004 1.0e+000 1.0e+000 -0.00e+000 -5.10e+003 7.5e-001 6.7e-001 2.00e-001
 1 4.2e+003 2.5e-001 3.3e-001 +1.28e+003 -2.14e+003 1.0e+000 7.7e-001 2.00e-001
 2 1.4e+003 1.4e-016 7.6e-002 +2.96e+003 -4.47e+002 7.8e-001 7.8e-001 2.00e-001
 3 4.4e+002 2.2e-016 1.7e-002 +3.37e+003 -1.28e+002 1.1e+000 7.5e-001 2.00e-001
 4 1.6e+002 2.9e-016 4.2e-003 +2.84e+003 -5.24e+001 7.6e-001 7.1e-001 2.00e-001
 5 7.0e+001 2.9e-016 1.2e-003 +2.10e+003 -3.62e+001 8.9e-001 8.7e-001 2.00e-001
 6 2.2e+001 2.9e-016 1.6e-004 +9.85e+002 -2.99e+001 1.1e+000 1.0e+000 2.00e-001
 7 3.1e+000 4.3e-016 8.5e-016 +1.31e+002 -2.87e+001 7.6e-001 1.2e+000 1.00e-001
 8 9.8e-001 5.0e-016 7.2e-016 +2.44e+001 -2.54e+001 5.8e-001 5.8e-001 1.00e-001
 9 4.6e-001 5.0e-016 5.5e-016 +9.88e-001 -2.26e+001 5.8e-001 5.2e-001 1.00e-001
10 2.3e-001 5.1e-016 5.0e-016 -6.80e+000 -1.86e+001 8.4e-001 5.9e-001 1.00e-001
11 1.0e-001 5.0e-016 2.0e-016 -8.31e+000 -1.34e+001 9.3e-001 9.7e-001 1.00e-001
12 1.4e-002 5.0e-016 5.8e-017 -9.79e+000 -1.05e+001 9.3e-001 9.4e-001 1.00e-001
13 2.2e-003 5.0e-016 1.2e-017 -9.97e+000 -1.01e+001 9.2e-001 9.4e-001 1.00e-001
14 3.5e-004 5.0e-016 2.1e-017 -1.00e+001 -1.00e+001 9.2e-001 9.5e-001 1.00e-001
15 5.4e-005 5.0e-016 1.6e-016 -1.00e+001 -1.00e+001 9.4e-001 9.7e-001 1.00e-001
16 7.3e-006 5.0e-016 2.3e-015 -1.00e+001 -1.00e+001 9.5e-001 9.9e-001 1.00e-001
17 8.3e-007 5.0e-016 4.0e-014 -1.00e+001 -1.00e+001 9.6e-001 1.0e+000 1.00e-001
18 8.6e-008 5.0e-016 1.8e-013 -1.00e+001 -1.00e+001 9.6e-001 1.0e+000 1.00e-001
19 9.4e-009 5.0e-016 5.9e-012 -1.00e+001 -1.00e+001 9.6e-001 1.0e+000 1.00e-001

phase.value  = pdOPT     
   Iteration = 19
          mu = +9.3570390999712239e-009
relative gap = +4.7743363190354382e-008
        gap  = +4.7743363928987037e-007
     digits  = +7.3210869912034546e+000
objValPrimal = -9.9999999159921504e+000
objValDual   = -1.0000000393425790e+001
p.feas.error = +4.9404924595819466e-014
d.feas.error = +1.1807459454615810e-009
total time   = 0.433961
  main loop time = 0.425922
      total time = 0.433961
file  check time = 0.000000
file change time = 0.000000
file   read time = 0.008039
SDPA end at [Tue Sep 07 12:42:45 2021]
ALL TIME = 0.441960
