SDPA (Version 7.3.6) start at [Tue Sep 07 12:42:43 2021]
param is ./param.sdpa
data  is G:\Research\PhysarumSDPSolver\SDPA\testSet\vertexcover3\vertexcover3-501.dat-s : sparse
out   is G:\Research\PhysarumSDPSolver\SDPA\testSet\vertexcover3\vertexcover3-501.dat-s.res
NumThreads  is set as 1
Schur computation : DENSE 
   mu      thetaP  thetaD  objP      objD      alphaP  alphaD  beta 
Entering DMUMPS driver with JOB, N, NZ =  -2           0              0
 0 1.0e+004 1.0e+000 1.0e+000 -0.00e+000 -5.10e+003 7.3e-001 6.7e-001 2.00e-001
 1 4.2e+003 2.7e-001 3.3e-001 +1.13e+003 -2.19e+003 1.0e+000 7.6e-001 2.00e-001
 2 1.4e+003 1.4e-016 7.9e-002 +2.87e+003 -4.54e+002 7.8e-001 7.8e-001 2.00e-001
 3 4.4e+002 2.2e-016 1.7e-002 +3.28e+003 -1.30e+002 1.2e+000 7.7e-001 2.00e-001
 4 1.6e+002 2.2e-016 4.0e-003 +2.84e+003 -5.02e+001 8.3e-001 7.5e-001 2.00e-001
 5 6.3e+001 2.9e-016 1.0e-003 +2.06e+003 -3.42e+001 1.0e+000 9.9e-001 2.00e-001
 6 1.6e+001 2.9e-016 9.6e-006 +7.61e+002 -2.84e+001 1.1e+000 1.0e+000 2.00e-001
 7 2.2e+000 2.9e-016 9.4e-016 +8.49e+001 -2.76e+001 7.0e-001 9.2e-001 1.00e-001
 8 8.1e-001 2.9e-016 2.0e-016 +1.74e+001 -2.37e+001 5.9e-001 5.2e-001 1.00e-001
 9 3.9e-001 3.0e-016 3.6e-016 -6.44e-001 -2.05e+001 7.2e-001 5.2e-001 1.00e-001
10 1.7e-001 3.0e-016 1.0e-016 -7.24e+000 -1.59e+001 1.0e+000 8.0e-001 1.00e-001
11 4.6e-002 3.0e-016 7.0e-017 -7.85e+000 -1.02e+001 9.2e-001 9.8e-001 1.00e-001
12 6.8e-003 3.0e-016 2.2e-017 -8.86e+000 -9.21e+000 9.1e-001 9.6e-001 1.00e-001
13 1.0e-003 3.0e-016 4.2e-017 -8.98e+000 -9.04e+000 9.1e-001 9.6e-001 1.00e-001
14 1.6e-004 3.0e-016 3.3e-017 -9.00e+000 -9.01e+000 9.1e-001 9.8e-001 1.00e-001
15 2.2e-005 3.0e-016 4.1e-016 -9.00e+000 -9.00e+000 9.2e-001 1.0e+000 1.00e-001
16 2.5e-006 3.0e-016 2.2e-015 -9.00e+000 -9.00e+000 9.2e-001 1.0e+000 1.00e-001
17 2.7e-007 3.0e-016 3.6e-014 -9.00e+000 -9.00e+000 9.2e-001 1.0e+000 1.00e-001
18 2.8e-008 3.0e-016 4.3e-013 -9.00e+000 -9.00e+000 9.2e-001 1.0e+000 1.00e-001
19 3.1e-009 3.0e-016 4.5e-012 -9.00e+000 -9.00e+000 9.2e-001 1.0e+000 1.00e-001

phase.value  = pdOPT     
   Iteration = 19
          mu = +3.1213885245581065e-009
relative gap = +1.7451029816111786e-008
        gap  = +1.5705926870168696e-007
     digits  = +7.7581789394636465e+000
objValPrimal = -8.9999999419093246e+000
objValDual   = -9.0000000989685933e+000
p.feas.error = +2.9531932455029164e-014
d.feas.error = +8.9494145427693184e-010
total time   = 0.413361
  main loop time = 0.413361
      total time = 0.413361
file  check time = 0.000000
file change time = 0.000000
file   read time = 0.000000
SDPA end at [Tue Sep 07 12:42:43 2021]
ALL TIME = 0.421361
