SDPA (Version 7.3.6) start at [Tue Sep 07 12:42:43 2021]
param is ./param.sdpa
data  is G:\Research\PhysarumSDPSolver\SDPA\testSet\vertexcover3\vertexcover3-502.dat-s : sparse
out   is G:\Research\PhysarumSDPSolver\SDPA\testSet\vertexcover3\vertexcover3-502.dat-s.res
NumThreads  is set as 1
Schur computation : DENSE 
   mu      thetaP  thetaD  objP      objD      alphaP  alphaD  beta 
Entering DMUMPS driver with JOB, N, NZ =  -2           0              0
 0 1.0e+004 1.0e+000 1.0e+000 -0.00e+000 -5.10e+003 7.2e-001 7.3e-001 2.00e-001
 1 3.5e+003 2.8e-001 2.7e-001 +1.08e+003 -1.96e+003 1.0e+000 4.6e-001 2.00e-001
 2 2.8e+003 2.3e-015 1.5e-001 +2.89e+003 -8.09e+002 7.9e-001 7.9e-001 2.00e-001
 3 8.3e+002 2.2e-016 3.1e-002 +3.51e+003 -2.14e+002 7.9e-001 7.9e-001 2.00e-001
 4 2.6e+002 2.9e-016 6.5e-003 +3.67e+003 -6.65e+001 8.5e-001 8.0e-001 2.00e-001
 5 9.0e+001 2.9e-016 1.3e-003 +2.74e+003 -3.46e+001 8.6e-001 9.5e-001 2.00e-001
 6 2.8e+001 5.7e-016 6.9e-005 +1.36e+003 -2.85e+001 1.1e+000 1.0e+000 2.00e-001
 7 3.7e+000 3.6e-016 7.5e-016 +1.60e+002 -2.81e+001 7.7e-001 1.4e+000 1.00e-001
 8 1.1e+000 3.4e-016 6.9e-016 +3.20e+001 -2.48e+001 5.9e-001 5.9e-001 1.00e-001
 9 5.2e-001 3.4e-016 2.8e-016 +4.34e+000 -2.22e+001 5.7e-001 5.2e-001 1.00e-001
10 2.6e-001 3.3e-016 3.6e-016 -5.16e+000 -1.84e+001 8.7e-001 6.0e-001 1.00e-001
11 1.0e-001 3.3e-016 2.0e-016 -8.20e+000 -1.34e+001 9.2e-001 1.0e+000 1.00e-001
12 1.3e-002 3.3e-016 4.2e-017 -9.74e+000 -1.04e+001 9.2e-001 9.4e-001 1.00e-001
13 2.1e-003 3.4e-016 1.8e-017 -9.97e+000 -1.01e+001 9.2e-001 9.4e-001 1.00e-001
14 3.4e-004 3.4e-016 3.8e-017 -1.00e+001 -1.00e+001 9.2e-001 9.5e-001 1.00e-001
15 5.2e-005 3.4e-016 3.6e-017 -1.00e+001 -1.00e+001 9.3e-001 9.7e-001 1.00e-001
16 6.9e-006 3.4e-016 4.7e-017 -1.00e+001 -1.00e+001 9.5e-001 1.0e+000 1.00e-001
17 7.8e-007 3.4e-016 4.0e-017 -1.00e+001 -1.00e+001 9.5e-001 1.0e+000 1.00e-001
18 8.1e-008 3.4e-016 4.2e-017 -1.00e+001 -1.00e+001 9.6e-001 1.0e+000 1.00e-001
19 8.2e-009 3.4e-016 7.8e-017 -1.00e+001 -1.00e+001 9.6e-001 1.0e+000 1.00e-001

phase.value  = pdOPT     
   Iteration = 19
          mu = +8.2395781526665640e-009
relative gap = +4.2021837250463985e-008
        gap  = +4.2021837565187070e-007
     digits  = +7.3765249635841519e+000
objValPrimal = -9.9999998647859396e+000
objValDual   = -1.0000000285004315e+001
p.feas.error = +3.3195668436292181e-014
d.feas.error = +1.5543122344752192e-014
total time   = 0.417869
  main loop time = 0.409865
      total time = 0.417869
file  check time = 0.000000
file change time = 0.000000
file   read time = 0.008004
SDPA end at [Tue Sep 07 12:42:44 2021]
ALL TIME = 0.426700
