SDPA (Version 7.3.6) start at [Tue Sep 07 12:42:44 2021]
param is ./param.sdpa
data  is G:\Research\PhysarumSDPSolver\SDPA\testSet\vertexcover3\vertexcover3-503.dat-s : sparse
out   is G:\Research\PhysarumSDPSolver\SDPA\testSet\vertexcover3\vertexcover3-503.dat-s.res
NumThreads  is set as 1
Schur computation : DENSE 
   mu      thetaP  thetaD  objP      objD      alphaP  alphaD  beta 
Entering DMUMPS driver with JOB, N, NZ =  -2           0              0
 0 1.0e+004 1.0e+000 1.0e+000 -0.00e+000 -5.10e+003 7.6e-001 6.8e-001 2.00e-001
 1 4.1e+003 2.4e-001 3.2e-001 +1.39e+003 -2.08e+003 1.0e+000 7.6e-001 2.00e-001
 2 1.4e+003 1.1e-016 7.7e-002 +3.03e+003 -4.51e+002 7.7e-001 7.7e-001 2.00e-001
 3 4.5e+002 2.2e-016 1.7e-002 +3.46e+003 -1.31e+002 1.0e+000 7.4e-001 2.00e-001
 4 1.7e+002 2.9e-016 4.6e-003 +2.90e+003 -5.51e+001 7.3e-001 6.8e-001 2.00e-001
 5 7.8e+001 2.9e-016 1.5e-003 +2.18e+003 -3.84e+001 8.2e-001 8.0e-001 2.00e-001
 6 2.8e+001 2.9e-016 2.9e-004 +1.16e+003 -3.11e+001 1.1e+000 1.0e+000 2.00e-001
 7 5.0e+000 2.9e-016 7.5e-016 +2.23e+002 -2.97e+001 8.2e-001 1.5e+000 1.00e-001
 8 1.3e+000 2.7e-016 1.5e-015 +3.88e+001 -2.69e+001 6.3e-001 6.5e-001 1.00e-001
 9 5.6e-001 2.7e-016 8.7e-016 +3.99e+000 -2.46e+001 5.3e-001 5.4e-001 1.00e-001
10 2.9e-001 2.7e-016 1.1e-015 -6.30e+000 -2.13e+001 8.5e-001 5.2e-001 1.00e-001
11 1.2e-001 2.8e-016 6.1e-016 -1.05e+001 -1.68e+001 1.0e+000 8.3e-001 1.00e-001
12 2.7e-002 2.8e-016 6.9e-017 -1.17e+001 -1.31e+001 9.9e-001 9.5e-001 1.00e-001
13 3.8e-003 2.7e-016 1.0e-017 -1.20e+001 -1.22e+001 9.4e-001 9.2e-001 1.00e-001
14 6.5e-004 2.7e-016 2.4e-017 -1.20e+001 -1.20e+001 9.5e-001 9.2e-001 1.00e-001
15 1.1e-004 2.8e-016 6.5e-016 -1.20e+001 -1.20e+001 9.7e-001 9.4e-001 1.00e-001
16 1.6e-005 2.7e-016 2.3e-015 -1.20e+001 -1.20e+001 9.9e-001 9.7e-001 1.00e-001
17 1.9e-006 2.8e-016 2.2e-014 -1.20e+001 -1.20e+001 1.0e+000 1.0e+000 1.00e-001
18 2.0e-007 2.8e-016 1.3e-013 -1.20e+001 -1.20e+001 1.0e+000 1.0e+000 1.00e-001
19 2.0e-008 2.8e-016 2.0e-012 -1.20e+001 -1.20e+001 1.0e+000 1.0e+000 1.00e-001

phase.value  = pdOPT     
   Iteration = 19
          mu = +1.9874417388509711e-008
relative gap = +8.4514523380702098e-008
        gap  = +1.0141743107539014e-006
     digits  = +7.0730686533921130e+000
objValPrimal = -1.1999999850076028e+001
objValDual   = -1.2000000864250339e+001
p.feas.error = +2.7533531010703882e-014
d.feas.error = +3.9509129301507073e-010
total time   = 0.416016
  main loop time = 0.416016
      total time = 0.416016
file  check time = 0.000000
file change time = 0.000000
file   read time = 0.000000
SDPA end at [Tue Sep 07 12:42:44 2021]
ALL TIME = 0.424017
