SDPA (Version 7.3.6) start at [Tue Sep 07 12:42:46 2021]
param is ./param.sdpa
data  is G:\Research\PhysarumSDPSolver\SDPA\testSet\vertexcover3\vertexcover3-508.dat-s : sparse
out   is G:\Research\PhysarumSDPSolver\SDPA\testSet\vertexcover3\vertexcover3-508.dat-s.res
NumThreads  is set as 1
Schur computation : DENSE 
   mu      thetaP  thetaD  objP      objD      alphaP  alphaD  beta 
Entering DMUMPS driver with JOB, N, NZ =  -2           0              0
 0 1.0e+004 1.0e+000 1.0e+000 -0.00e+000 -5.10e+003 7.7e-001 7.1e-001 2.00e-001
 1 3.7e+003 2.3e-001 2.9e-001 +1.42e+003 -1.92e+003 1.0e+000 6.5e-001 2.00e-001
 2 1.9e+003 1.2e-016 1.0e-001 +3.02e+003 -5.96e+002 7.8e-001 7.8e-001 2.00e-001
 3 5.6e+002 1.4e-016 2.2e-002 +3.57e+003 -1.62e+002 1.2e+000 7.5e-001 2.00e-001
 4 2.2e+002 2.9e-016 5.5e-003 +3.23e+003 -6.22e+001 8.3e-001 6.6e-001 2.00e-001
 5 9.8e+001 2.9e-016 1.9e-003 +2.46e+003 -4.19e+001 8.3e-001 7.6e-001 2.00e-001
 6 3.7e+001 5.7e-016 4.4e-004 +1.40e+003 -3.26e+001 1.1e+000 1.0e+000 2.00e-001
 7 6.8e+000 2.9e-016 6.4e-016 +3.15e+002 -3.08e+001 8.4e-001 1.8e+000 1.00e-001
 8 1.6e+000 3.2e-016 2.2e-015 +5.36e+001 -2.81e+001 6.6e-001 7.1e-001 1.00e-001
 9 6.5e-001 3.3e-016 6.4e-016 +6.88e+000 -2.63e+001 5.3e-001 5.6e-001 1.00e-001
10 3.4e-001 3.3e-016 8.7e-016 -6.25e+000 -2.36e+001 8.6e-001 5.2e-001 1.00e-001
11 1.2e-001 3.3e-016 4.8e-016 -1.35e+001 -1.98e+001 1.1e+000 8.5e-001 1.00e-001
12 2.5e-002 3.3e-016 8.2e-017 -1.46e+001 -1.58e+001 9.4e-001 9.5e-001 1.00e-001
13 3.7e-003 3.3e-016 8.9e-018 -1.49e+001 -1.51e+001 9.2e-001 9.3e-001 1.00e-001
14 6.1e-004 3.3e-016 1.6e-017 -1.50e+001 -1.50e+001 9.2e-001 9.4e-001 1.00e-001
15 9.9e-005 3.3e-016 1.2e-017 -1.50e+001 -1.50e+001 9.3e-001 9.6e-001 1.00e-001
16 1.4e-005 3.3e-016 1.1e-016 -1.50e+001 -1.50e+001 9.5e-001 9.9e-001 1.00e-001
17 1.8e-006 3.3e-016 2.6e-015 -1.50e+001 -1.50e+001 9.6e-001 1.0e+000 1.00e-001
18 1.9e-007 3.3e-016 1.0e-014 -1.50e+001 -1.50e+001 9.6e-001 1.0e+000 1.00e-001
19 2.0e-008 3.3e-016 1.1e-013 -1.50e+001 -1.50e+001 9.6e-001 1.0e+000 1.00e-001

phase.value  = pdOPT     
   Iteration = 19
          mu = +1.9931157064648045e-008
relative gap = +6.7770153786477096e-008
        gap  = +1.0165523143257360e-006
     digits  = +7.1689615288421553e+000
objValPrimal = -1.4999999602813741e+001
objValDual   = -1.5000000619366055e+001
p.feas.error = +3.2640556923979602e-014
d.feas.error = +2.2383428444072706e-011
total time   = 0.424623
  main loop time = 0.424623
      total time = 0.424623
file  check time = 0.000000
file change time = 0.000000
file   read time = 0.000000
SDPA end at [Tue Sep 07 12:42:46 2021]
ALL TIME = 0.432661
