SDPA (Version 7.3.6) start at [Tue Sep 07 12:42:45 2021]
param is ./param.sdpa
data  is G:\Research\PhysarumSDPSolver\SDPA\testSet\vertexcover3\vertexcover3-506.dat-s : sparse
out   is G:\Research\PhysarumSDPSolver\SDPA\testSet\vertexcover3\vertexcover3-506.dat-s.res
NumThreads  is set as 1
Schur computation : DENSE 
   mu      thetaP  thetaD  objP      objD      alphaP  alphaD  beta 
Entering DMUMPS driver with JOB, N, NZ =  -2           0              0
 0 1.0e+004 1.0e+000 1.0e+000 -0.00e+000 -5.10e+003 7.6e-001 6.7e-001 2.00e-001
 1 4.2e+003 2.4e-001 3.3e-001 +1.37e+003 -2.12e+003 1.0e+000 7.8e-001 2.00e-001
 2 1.3e+003 1.1e-016 7.2e-002 +3.00e+003 -4.31e+002 7.8e-001 7.8e-001 2.00e-001
 3 4.2e+002 1.8e-016 1.6e-002 +3.40e+003 -1.25e+002 1.0e+000 7.4e-001 2.00e-001
 4 1.6e+002 2.9e-016 4.1e-003 +2.80e+003 -5.26e+001 7.3e-001 7.0e-001 2.00e-001
 5 6.9e+001 5.7e-016 1.2e-003 +2.06e+003 -3.68e+001 8.4e-001 8.5e-001 2.00e-001
 6 2.4e+001 5.7e-016 1.9e-004 +1.03e+003 -3.04e+001 1.1e+000 1.0e+000 2.00e-001
 7 3.7e+000 4.3e-016 1.1e-015 +1.57e+002 -2.94e+001 7.8e-001 1.3e+000 1.00e-001
 8 1.1e+000 5.4e-016 8.6e-016 +2.80e+001 -2.64e+001 6.0e-001 6.0e-001 1.00e-001
 9 4.9e-001 5.4e-016 6.0e-016 +1.32e+000 -2.39e+001 5.5e-001 5.2e-001 1.00e-001
10 2.5e-001 5.3e-016 4.8e-016 -7.18e+000 -2.02e+001 9.2e-001 5.4e-001 1.00e-001
11 1.1e-001 5.4e-016 1.6e-016 -9.66e+000 -1.53e+001 1.0e+000 8.1e-001 1.00e-001
12 2.5e-002 5.4e-016 2.9e-017 -1.08e+001 -1.21e+001 9.8e-001 9.4e-001 1.00e-001
13 3.7e-003 5.4e-016 1.3e-017 -1.10e+001 -1.12e+001 9.5e-001 9.2e-001 1.00e-001
14 6.2e-004 5.4e-016 5.0e-017 -1.10e+001 -1.10e+001 9.7e-001 9.2e-001 1.00e-001
15 1.0e-004 5.4e-016 5.8e-016 -1.10e+001 -1.10e+001 9.9e-001 9.4e-001 1.00e-001
16 1.5e-005 5.5e-016 2.7e-015 -1.10e+001 -1.10e+001 1.0e+000 9.7e-001 1.00e-001
17 1.9e-006 5.5e-016 1.9e-014 -1.10e+001 -1.10e+001 1.0e+000 1.0e+000 1.00e-001
18 1.9e-007 5.4e-016 6.0e-014 -1.10e+001 -1.10e+001 1.0e+000 1.0e+000 1.00e-001
19 1.9e-008 5.4e-016 3.7e-013 -1.10e+001 -1.10e+001 1.0e+000 1.0e+000 1.00e-001

phase.value  = pdOPT     
   Iteration = 19
          mu = +1.8835032705612998e-008
relative gap = +8.7312793630449904e-008
        gap  = +9.6044076514090193e-007
     digits  = +7.0589221160192555e+000
objValPrimal = -1.0999999922996048e+001
objValDual   = -1.1000000883436813e+001
p.feas.error = +5.3290705182007514e-014
d.feas.error = +7.4811268291341548e-011
total time   = 0.415997
  main loop time = 0.415997
      total time = 0.415997
file  check time = 0.000000
file change time = 0.000000
file   read time = 0.000000
SDPA end at [Tue Sep 07 12:42:45 2021]
ALL TIME = 0.431958
