SDPA (Version 7.3.6) start at [Tue Sep 07 12:42:44 2021]
param is ./param.sdpa
data  is G:\Research\PhysarumSDPSolver\SDPA\testSet\vertexcover3\vertexcover3-504.dat-s : sparse
out   is G:\Research\PhysarumSDPSolver\SDPA\testSet\vertexcover3\vertexcover3-504.dat-s.res
NumThreads  is set as 1
Schur computation : DENSE 
   mu      thetaP  thetaD  objP      objD      alphaP  alphaD  beta 
Entering DMUMPS driver with JOB, N, NZ =  -2           0              0
 0 1.0e+004 1.0e+000 1.0e+000 -0.00e+000 -5.10e+003 7.3e-001 6.9e-001 2.00e-001
 1 3.9e+003 2.7e-001 3.1e-001 +1.14e+003 -2.09e+003 1.0e+000 6.3e-001 2.00e-001
 2 2.1e+003 1.1e-016 1.1e-001 +2.90e+003 -6.21e+002 7.8e-001 7.8e-001 2.00e-001
 3 6.3e+002 1.4e-016 2.5e-002 +3.43e+003 -1.73e+002 1.5e+000 7.7e-001 2.00e-001
 4 2.3e+002 2.9e-016 5.7e-003 +3.33e+003 -6.03e+001 9.4e-001 7.2e-001 2.00e-001
 5 9.6e+001 2.9e-016 1.6e-003 +2.63e+003 -3.88e+001 1.0e+000 8.2e-001 2.00e-001
 6 2.9e+001 4.3e-016 2.9e-004 +1.23e+003 -3.05e+001 1.1e+000 1.0e+000 2.00e-001
 7 4.3e+000 5.0e-016 6.4e-016 +1.93e+002 -2.84e+001 7.9e-001 1.5e+000 1.00e-001
 8 1.2e+000 5.0e-016 5.2e-016 +3.71e+001 -2.51e+001 6.1e-001 6.2e-001 1.00e-001
 9 5.5e-001 4.8e-016 2.8e-016 +5.53e+000 -2.25e+001 5.4e-001 5.3e-001 1.00e-001
10 2.8e-001 4.9e-016 4.0e-016 -4.19e+000 -1.87e+001 8.6e-001 5.3e-001 1.00e-001
11 1.2e-001 4.9e-016 2.1e-016 -7.39e+000 -1.37e+001 9.8e-001 9.1e-001 1.00e-001
12 2.0e-002 4.9e-016 6.3e-017 -8.78e+000 -9.82e+000 9.6e-001 9.4e-001 1.00e-001
13 3.0e-003 4.9e-016 6.7e-018 -8.97e+000 -9.13e+000 9.3e-001 9.3e-001 1.00e-001
14 5.0e-004 4.9e-016 2.4e-017 -9.00e+000 -9.02e+000 9.4e-001 9.3e-001 1.00e-001
15 7.9e-005 4.9e-016 2.0e-016 -9.00e+000 -9.00e+000 9.6e-001 9.5e-001 1.00e-001
16 1.1e-005 4.9e-016 1.8e-015 -9.00e+000 -9.00e+000 9.8e-001 9.8e-001 1.00e-001
17 1.3e-006 4.9e-016 1.8e-014 -9.00e+000 -9.00e+000 9.9e-001 1.0e+000 1.00e-001
18 1.4e-007 4.9e-016 1.3e-013 -9.00e+000 -9.00e+000 9.9e-001 1.0e+000 1.00e-001
19 1.4e-008 4.9e-016 5.3e-013 -9.00e+000 -9.00e+000 9.9e-001 1.0e+000 1.00e-001

phase.value  = pdOPT     
   Iteration = 19
          mu = +1.3712926010398138e-008
relative gap = +7.7684414281986389e-008
        gap  = +6.9915974876266773e-007
     digits  = +7.1096661043688556e+000
objValPrimal = -8.9999999107656592e+000
objValDual   = -9.0000006099254080e+000
p.feas.error = +4.8849813083506888e-014
d.feas.error = +1.0533685035341023e-010
total time   = 0.415888
  main loop time = 0.415888
      total time = 0.415888
file  check time = 0.000000
file change time = 0.000000
file   read time = 0.000000
SDPA end at [Tue Sep 07 12:42:45 2021]
ALL TIME = 0.424989
