SDPA (Version 7.3.6) start at [Thu Jul 15 21:27:33 2021]
param is ./param.sdpa
data  is G:\Research\PhysarumSDPSolver\SDPA\testSet\vertexcover2\vertexcover2017.dat-s : sparse
out   is G:\Research\PhysarumSDPSolver\SDPA\testSet\vertexcover2\vertexcover2017.dat-s.res
NumThreads  is set as 1
Schur computation : DENSE 
   mu      thetaP  thetaD  objP      objD      alphaP  alphaD  beta 
Entering DMUMPS driver with JOB, N, NZ =  -2           0              0
 0 1.0e+004 1.0e+000 1.0e+000 -0.00e+000 -2.10e+003 1.0e+000 8.8e-001 2.00e-001
 1 1.7e+003 0.0e+000 1.2e-001 +1.44e+003 -2.73e+002 8.2e-001 8.2e-001 2.00e-001
 2 4.6e+002 1.4e-016 2.1e-002 +1.74e+003 -5.82e+001 1.2e+000 7.0e-001 2.00e-001
 3 1.9e+002 2.9e-016 6.5e-003 +1.23e+003 -2.67e+001 7.3e-001 6.0e-001 2.00e-001
 4 9.2e+001 4.3e-016 2.6e-003 +8.13e+002 -1.97e+001 5.3e-001 5.5e-001 2.00e-001
 5 5.0e+001 4.3e-016 1.2e-003 +5.16e+002 -1.78e+001 4.2e-001 6.3e-001 2.00e-001
 6 2.6e+001 5.7e-016 4.3e-004 +3.32e+002 -1.74e+001 3.8e-001 8.2e-001 2.00e-001
 7 1.3e+001 5.7e-016 7.6e-005 +2.13e+002 -1.75e+001 6.2e-001 1.0e+000 2.00e-001
 8 5.5e+000 5.7e-016 9.5e-016 +9.85e+001 -1.78e+001 9.5e-001 2.0e+001 1.00e-001
 9 7.7e-001 7.2e-016 2.4e-013 -1.12e+000 -1.73e+001 9.1e-001 2.1e+000 1.00e-001
10 1.3e-001 6.8e-016 2.6e-013 -1.43e+001 -1.70e+001 7.6e-001 1.0e+000 1.00e-001
11 3.6e-002 6.8e-016 4.6e-015 -1.58e+001 -1.65e+001 1.0e+000 8.5e-001 1.00e-001
12 7.0e-003 6.9e-016 1.7e-015 -1.60e+001 -1.61e+001 1.0e+000 8.9e-001 1.00e-001
13 1.2e-003 6.8e-016 3.8e-016 -1.60e+001 -1.60e+001 9.6e-001 9.7e-001 1.00e-001
14 1.6e-004 6.7e-016 1.1e-015 -1.60e+001 -1.60e+001 9.8e-001 9.9e-001 1.00e-001
15 1.8e-005 6.8e-016 1.8e-014 -1.60e+001 -1.60e+001 9.9e-001 1.0e+000 1.00e-001
16 1.9e-006 6.8e-016 1.0e-013 -1.60e+001 -1.60e+001 9.9e-001 1.0e+000 1.00e-001
17 1.9e-007 6.8e-016 1.1e-012 -1.60e+001 -1.60e+001 9.9e-001 7.3e-001 1.00e-001
18 5.8e-008 6.8e-016 1.5e-010 -1.60e+001 -1.60e+001 9.9e-001 7.3e-001 1.00e-001

phase.value  = pdOPT     
   Iteration = 18
          mu = +5.8441849201277107e-008
relative gap = +8.7598031667260443e-008
        gap  = +1.4015685643187226e-006
     digits  = +7.0575056523439210e+000
objValPrimal = -1.5999999957250544e+001
objValDual   = -1.6000001358819109e+001
p.feas.error = +6.7501559897209518e-014
d.feas.error = +2.9374129129067228e-008
total time   = 0.104550
  main loop time = 0.103526
      total time = 0.104550
file  check time = 0.000000
file change time = 0.000000
file   read time = 0.001024
SDPA end at [Thu Jul 15 21:27:33 2021]
ALL TIME = 0.106545
