SDPA (Version 7.3.6) start at [Thu Jul 15 21:27:32 2021]
param is ./param.sdpa
data  is G:\Research\PhysarumSDPSolver\SDPA\testSet\vertexcover2\vertexcover2015.dat-s : sparse
out   is G:\Research\PhysarumSDPSolver\SDPA\testSet\vertexcover2\vertexcover2015.dat-s.res
NumThreads  is set as 1
Schur computation : DENSE 
   mu      thetaP  thetaD  objP      objD      alphaP  alphaD  beta 
Entering DMUMPS driver with JOB, N, NZ =  -2           0              0
 0 1.0e+004 1.0e+000 1.0e+000 -0.00e+000 -2.10e+003 1.0e+000 8.8e-001 2.00e-001
 1 1.8e+003 0.0e+000 1.2e-001 +1.44e+003 -2.83e+002 8.2e-001 8.2e-001 2.00e-001
 2 4.7e+002 2.2e-016 2.2e-002 +1.74e+003 -5.95e+001 1.2e+000 7.0e-001 2.00e-001
 3 1.9e+002 5.0e-016 6.7e-003 +1.25e+003 -2.69e+001 7.4e-001 6.0e-001 2.00e-001
 4 9.4e+001 4.3e-016 2.6e-003 +8.24e+002 -1.97e+001 5.4e-001 5.5e-001 2.00e-001
 5 5.0e+001 5.7e-016 1.2e-003 +5.22e+002 -1.78e+001 4.3e-001 6.4e-001 2.00e-001
 6 2.6e+001 5.7e-016 4.2e-004 +3.33e+002 -1.73e+001 4.1e-001 8.7e-001 2.00e-001
 7 1.2e+001 5.7e-016 5.6e-005 +2.09e+002 -1.73e+001 7.3e-001 1.0e+000 2.00e-001
 8 4.6e+000 8.6e-016 1.4e-015 +7.85e+001 -1.76e+001 9.6e-001 1.2e+001 1.00e-001
 9 6.0e-001 7.2e-016 8.2e-014 -4.37e+000 -1.69e+001 8.7e-001 2.5e+000 1.00e-001
10 1.1e-001 8.2e-016 1.3e-013 -1.41e+001 -1.65e+001 8.5e-001 1.1e+000 1.00e-001
11 2.3e-002 8.1e-016 8.4e-015 -1.56e+001 -1.61e+001 8.0e-001 9.4e-001 1.00e-001
12 5.5e-003 8.1e-016 1.9e-015 -1.58e+001 -1.59e+001 7.8e-001 8.3e-001 1.00e-001
13 1.5e-003 8.1e-016 1.1e-015 -1.59e+001 -1.59e+001 8.9e-001 9.2e-001 1.00e-001
14 2.8e-004 8.1e-016 2.8e-015 -1.59e+001 -1.59e+001 9.4e-001 9.8e-001 1.00e-001
15 3.7e-005 8.1e-016 4.9e-015 -1.59e+001 -1.59e+001 9.6e-001 1.0e+000 1.00e-001
16 4.2e-006 8.1e-016 2.2e-014 -1.59e+001 -1.59e+001 9.6e-001 1.0e+000 1.00e-001
17 4.4e-007 8.1e-016 1.7e-013 -1.59e+001 -1.59e+001 9.6e-001 1.0e+000 1.00e-001
18 4.5e-008 8.1e-016 1.3e-012 -1.59e+001 -1.59e+001 9.6e-001 1.0e+000 1.00e-001

phase.value  = pdOPT     
   Iteration = 18
          mu = +4.4580055202914082e-008
relative gap = +5.8872008092760525e-008
        gap  = +9.3511262733159128e-007
     digits  = +7.2300911503823038e+000
objValPrimal = -1.5883823740685393e+001
objValDual   = -1.5883824675798021e+001
p.feas.error = +8.0380146982861334e-014
d.feas.error = +2.6163116118027574e-010
total time   = 0.101034
  main loop time = 0.100041
      total time = 0.101034
file  check time = 0.000000
file change time = 0.000000
file   read time = 0.000993
SDPA end at [Thu Jul 15 21:27:33 2021]
ALL TIME = 0.103154
