SDPA (Version 7.3.6) start at [Thu Jul 15 21:27:33 2021]
param is ./param.sdpa
data  is G:\Research\PhysarumSDPSolver\SDPA\testSet\vertexcover2\vertexcover206.dat-s : sparse
out   is G:\Research\PhysarumSDPSolver\SDPA\testSet\vertexcover2\vertexcover206.dat-s.res
NumThreads  is set as 1
Schur computation : DENSE 
   mu      thetaP  thetaD  objP      objD      alphaP  alphaD  beta 
Entering DMUMPS driver with JOB, N, NZ =  -2           0              0
 0 1.0e+004 1.0e+000 1.0e+000 -0.00e+000 -2.10e+003 1.0e+000 8.9e-001 2.00e-001
 1 1.6e+003 0.0e+000 1.1e-001 +1.45e+003 -2.62e+002 8.2e-001 8.2e-001 2.00e-001
 2 4.4e+002 1.3e-016 2.1e-002 +1.73e+003 -5.65e+001 1.2e+000 6.9e-001 2.00e-001
 3 1.8e+002 2.9e-016 6.4e-003 +1.21e+003 -2.64e+001 7.1e-001 6.0e-001 2.00e-001
 4 9.0e+001 4.3e-016 2.6e-003 +7.98e+002 -1.96e+001 5.1e-001 5.4e-001 2.00e-001
 5 4.9e+001 2.9e-016 1.2e-003 +5.08e+002 -1.79e+001 3.9e-001 6.1e-001 2.00e-001
 6 2.7e+001 5.7e-016 4.5e-004 +3.31e+002 -1.75e+001 3.3e-001 7.8e-001 2.00e-001
 7 1.4e+001 5.7e-016 1.0e-004 +2.19e+002 -1.78e+001 4.8e-001 1.0e+000 2.00e-001
 8 6.7e+000 1.1e-015 2.4e-015 +1.23e+002 -1.81e+001 9.6e-001 9.6e-001 1.00e-001
 9 9.1e-001 5.7e-016 6.1e-015 +1.02e+000 -1.82e+001 9.1e-001 3.1e+000 1.00e-001
10 1.5e-001 6.5e-016 1.8e-014 -1.46e+001 -1.77e+001 8.0e-001 9.9e-001 1.00e-001
11 3.9e-002 6.5e-016 4.4e-015 -1.65e+001 -1.74e+001 8.2e-001 7.5e-001 1.00e-001
12 1.1e-002 6.5e-016 3.2e-015 -1.69e+001 -1.71e+001 8.0e-001 8.1e-001 1.00e-001
13 3.1e-003 6.5e-016 3.5e-015 -1.70e+001 -1.70e+001 8.8e-001 8.1e-001 1.00e-001
14 7.5e-004 6.5e-016 4.6e-015 -1.70e+001 -1.70e+001 9.1e-001 8.7e-001 1.00e-001
15 1.5e-004 6.5e-016 2.1e-014 -1.70e+001 -1.70e+001 9.0e-001 8.6e-001 1.00e-001
16 3.1e-005 6.5e-016 4.8e-014 -1.70e+001 -1.70e+001 9.6e-001 9.3e-001 1.00e-001
17 4.8e-006 6.5e-016 1.3e-013 -1.70e+001 -1.70e+001 1.0e+000 9.7e-001 1.00e-001
18 5.4e-007 6.4e-016 8.8e-014 -1.70e+001 -1.70e+001 1.0e+000 9.7e-001 1.00e-001
19 6.0e-008 6.5e-016 6.5e-013 -1.70e+001 -1.70e+001 1.0e+000 9.7e-001 1.00e-001

phase.value  = pdOPT     
   Iteration = 19
          mu = +6.0070487081919138e-008
relative gap = +7.4321123005100029e-008
        gap  = +1.2626833658657688e-006
     digits  = +7.1288877366996495e+000
objValPrimal = -1.6989561888846843e+001
objValDual   = -1.6989563151530209e+001
p.feas.error = +6.3948846218409017e-014
d.feas.error = +1.2939294080638319e-010
total time   = 0.116010
  main loop time = 0.115011
      total time = 0.116010
file  check time = 0.000000
file change time = 0.000000
file   read time = 0.000999
SDPA end at [Thu Jul 15 21:27:34 2021]
ALL TIME = 0.118030
