SDPA (Version 7.3.6) start at [Tue Sep 07 12:29:41 2021]
param is ./param.sdpa
data  is G:\Research\PhysarumSDPSolver\SDPA\testSet\large1\large-509.dat-s : sparse
out   is G:\Research\PhysarumSDPSolver\SDPA\testSet\large1\large-509.dat-s.res
NumThreads  is set as 1
Schur computation : DENSE 
   mu      thetaP  thetaD  objP      objD      alphaP  alphaD  beta 
 0 1.0e+004 1.0e+000 1.0e+000 -0.00e+000 -2.73e+004 9.1e-001 1.0e+000 2.00e-001
 1 1.8e+003 9.2e-002 1.1e-015 +4.77e-001 -3.42e+004 9.9e-001 1.6e+000 2.00e-001
 2 3.0e+002 1.3e-003 1.3e-015 +5.37e-001 -1.44e+004 1.0e+000 1.1e+000 2.00e-001
 3 4.6e+001 9.3e-018 1.2e-015 +5.31e-001 -2.28e+003 5.3e+001 9.8e-001 1.00e-001
 4 5.5e+000 9.3e-018 1.0e-016 -2.32e+000 -2.76e+002 9.8e-001 9.8e-001 1.00e-001
 5 6.4e-001 9.3e-018 3.8e-017 -2.24e+000 -3.41e+001 1.0e+000 9.3e-001 1.00e-001
 6 1.0e-001 9.3e-018 5.6e-018 -2.87e+000 -8.06e+000 1.2e+000 7.5e-001 1.00e-001
 7 3.2e-002 1.9e-017 1.5e-017 -3.00e+000 -4.62e+000 1.3e+000 9.1e-001 1.00e-001
 8 5.6e-003 1.9e-017 1.4e-017 -3.02e+000 -3.30e+000 1.3e+000 9.6e-001 1.00e-001
 9 7.5e-004 1.9e-017 4.4e-017 -3.03e+000 -3.06e+000 1.2e+000 9.9e-001 1.00e-001
10 8.1e-005 9.3e-018 5.6e-017 -3.03e+000 -3.03e+000 1.2e+000 9.9e-001 1.00e-001
11 8.4e-006 1.9e-017 7.5e-017 -3.03e+000 -3.03e+000 1.2e+000 1.0e+000 1.00e-001
12 8.5e-007 1.9e-017 1.1e-016 -3.03e+000 -3.03e+000 1.2e+000 1.0e+000 1.00e-001
13 8.5e-008 1.9e-017 2.2e-016 -3.03e+000 -3.03e+000 1.2e+000 1.0e+000 1.00e-001
Strange behavior : primal < dual :: line 144 in sdpa_solve.cpp
Entering DMUMPS driver with JOB, N, NZ =  -2           0              0
14 8.5e-009 2.8e-017 1.3e-015 -3.03e+000 -3.03e+000 9.0e-001 9.0e-001 1.00e-001

phase.value  = pdFEAS    
   Iteration = 14
          mu = +8.5192967347325069e-009
relative gap = +1.4074475351172901e-007
        gap  = +4.2596504279401870e-007
     digits  = +6.8515677852039536e+000
objValPrimal = -3.0265072209767898e+000
objValDual   = -3.0265076469418326e+000
p.feas.error = +2.6645352591003757e-015
d.feas.error = +1.2761347534251399e-011
total time   = 0.247839
  main loop time = 0.165797
      total time = 0.247839
file  check time = 0.000000
file change time = 0.000000
file   read time = 0.082042
SDPA end at [Tue Sep 07 12:29:41 2021]
ALL TIME = 0.248459
