SDPA (Version 7.3.6) start at [Tue Sep 07 12:29:40 2021]
param is ./param.sdpa
data  is G:\Research\PhysarumSDPSolver\SDPA\testSet\large1\large-507.dat-s : sparse
out   is G:\Research\PhysarumSDPSolver\SDPA\testSet\large1\large-507.dat-s.res
NumThreads  is set as 1
Schur computation : DENSE 
   mu      thetaP  thetaD  objP      objD      alphaP  alphaD  beta 
 0 1.0e+004 1.0e+000 1.0e+000 -0.00e+000 -2.67e+004 9.1e-001 1.0e+000 2.00e-001
 1 1.8e+003 9.2e-002 7.1e-016 +7.59e-001 -3.36e+004 9.8e-001 1.6e+000 2.00e-001
 2 3.0e+002 1.5e-003 1.2e-015 +7.32e-001 -1.44e+004 1.0e+000 1.1e+000 2.00e-001
 3 4.6e+001 9.3e-018 5.9e-016 +6.53e-001 -2.30e+003 4.9e+001 9.7e-001 1.00e-001
 4 5.6e+000 9.3e-018 1.0e-016 -3.15e+000 -2.82e+002 9.8e-001 9.8e-001 1.00e-001
 5 6.7e-001 9.3e-018 1.9e-017 -3.06e+000 -3.66e+001 9.8e-001 9.2e-001 1.00e-001
 6 1.2e-001 1.9e-017 5.1e-018 -3.86e+000 -9.61e+000 9.9e-001 7.5e-001 1.00e-001
 7 3.6e-002 1.9e-017 9.3e-018 -4.05e+000 -5.87e+000 1.2e+000 8.7e-001 1.00e-001
 8 7.6e-003 1.9e-017 5.6e-018 -4.08e+000 -4.46e+000 1.0e+000 9.8e-001 1.00e-001
 9 9.2e-004 1.9e-017 2.0e-017 -4.09e+000 -4.13e+000 1.0e+000 9.9e-001 1.00e-001
10 9.8e-005 1.9e-017 1.6e-017 -4.09e+000 -4.09e+000 1.0e+000 1.0e+000 1.00e-001
11 1.0e-005 1.9e-017 1.5e-017 -4.09e+000 -4.09e+000 1.0e+000 1.0e+000 1.00e-001
12 1.0e-006 1.9e-017 5.2e-017 -4.09e+000 -4.09e+000 1.0e+000 1.0e+000 1.00e-001
13 1.0e-007 1.9e-017 4.1e-017 -4.09e+000 -4.09e+000 1.0e+000 1.0e+000 1.00e-001
Strange behavior : primal < dual :: line 144 in sdpa_solve.cpp
Entering DMUMPS driver with JOB, N, NZ =  -2           0              0
14 1.0e-008 2.8e-017 1.9e-016 -4.09e+000 -4.09e+000 9.0e-001 9.0e-001 1.00e-001

phase.value  = pdFEAS    
   Iteration = 14
          mu = +1.0070002057771532e-008
relative gap = +1.2311845697931309e-007
        gap  = +5.0350007008148623e-007
     digits  = +6.9096768360743122e+000
objValPrimal = -4.0895577433285304e+000
objValDual   = -4.0895582468286005e+000
p.feas.error = +2.6645352591003757e-015
d.feas.error = +2.8421709430404007e-012
total time   = 0.260479
  main loop time = 0.232223
      total time = 0.260479
file  check time = 0.000000
file change time = 0.000000
file   read time = 0.028256
SDPA end at [Tue Sep 07 12:29:40 2021]
ALL TIME = 0.268528
