SDPA (Version 7.3.6) start at [Tue Sep 07 12:29:40 2021]
param is ./param.sdpa
data  is G:\Research\PhysarumSDPSolver\SDPA\testSet\large1\large-506.dat-s : sparse
out   is G:\Research\PhysarumSDPSolver\SDPA\testSet\large1\large-506.dat-s.res
NumThreads  is set as 1
Schur computation : DENSE 
   mu      thetaP  thetaD  objP      objD      alphaP  alphaD  beta 
Entering DMUMPS driver with JOB, N, NZ =  -2           0              0
 0 1.0e+004 1.0e+000 1.0e+000 -0.00e+000 -3.00e+004 9.1e-001 1.0e+000 2.00e-001
 1 1.8e+003 9.2e-002 3.3e-016 +1.36e-001 -3.72e+004 9.9e-001 1.6e+000 2.00e-001
 2 2.7e+002 7.5e-004 1.6e-015 +3.68e-002 -1.33e+004 1.0e+000 1.0e+000 2.00e-001
 3 4.5e+001 9.3e-018 7.0e-016 +1.49e-002 -2.26e+003 5.6e+001 9.8e-001 1.00e-001
 4 5.1e+000 9.3e-018 7.4e-017 -2.86e+000 -2.58e+002 9.8e-001 9.8e-001 1.00e-001
 5 6.0e-001 9.3e-018 6.9e-018 -2.79e+000 -3.28e+001 1.0e+000 9.4e-001 1.00e-001
 6 9.3e-002 9.3e-018 3.5e-018 -3.42e+000 -8.08e+000 9.5e-001 8.6e-001 1.00e-001
 7 2.1e-002 9.3e-018 2.2e-018 -3.53e+000 -4.57e+000 1.0e+000 9.4e-001 1.00e-001
 8 3.2e-003 1.9e-017 6.9e-018 -3.56e+000 -3.72e+000 1.0e+000 9.9e-001 1.00e-001
 9 3.6e-004 1.9e-017 5.2e-018 -3.56e+000 -3.58e+000 1.1e+000 1.0e+000 1.00e-001
10 3.7e-005 1.9e-017 3.9e-018 -3.56e+000 -3.56e+000 1.1e+000 1.0e+000 1.00e-001
11 3.7e-006 1.9e-017 1.4e-017 -3.56e+000 -3.56e+000 1.1e+000 1.0e+000 1.00e-001
12 3.7e-007 1.9e-017 1.2e-017 -3.56e+000 -3.56e+000 1.1e+000 1.0e+000 1.00e-001
13 3.7e-008 1.9e-017 6.8e-017 -3.56e+000 -3.56e+000 1.0e+000 1.0e+000 1.00e-001
14 3.7e-009 1.9e-017 1.8e-016 -3.56e+000 -3.56e+000 1.0e+000 1.0e+000 1.00e-001

phase.value  = pdOPT     
   Iteration = 14
          mu = +3.7027633148500881e-009
relative gap = +5.1969369992496101e-008
        gap  = +1.8513822563903659e-007
     digits  = +7.2842525479537601e+000
objValPrimal = -3.5624488204303875e+000
objValDual   = -3.5624490055686131e+000
p.feas.error = +1.7763568394002505e-015
d.feas.error = +2.8990143619012088e-012
total time   = 0.176163
  main loop time = 0.156283
      total time = 0.176163
file  check time = 0.000000
file change time = 0.000000
file   read time = 0.019880
SDPA end at [Tue Sep 07 12:29:40 2021]
ALL TIME = 0.184154
