SDPA (Version 7.3.6) start at [Tue Sep 07 12:29:38 2021]
param is ./param.sdpa
data  is G:\Research\PhysarumSDPSolver\SDPA\testSet\large1\large-500.dat-s : sparse
out   is G:\Research\PhysarumSDPSolver\SDPA\testSet\large1\large-500.dat-s.res
NumThreads  is set as 1
Schur computation : DENSE 
   mu      thetaP  thetaD  objP      objD      alphaP  alphaD  beta 
Entering DMUMPS driver with JOB, N, NZ =  -2           0              0
 0 1.0e+004 1.0e+000 1.0e+000 -0.00e+000 -2.79e+004 9.1e-001 1.0e+000 2.00e-001
 1 1.8e+003 9.2e-002 6.4e-016 +9.43e-001 -3.47e+004 9.9e-001 1.6e+000 2.00e-001
 2 2.8e+002 1.1e-003 1.1e-015 +7.63e-001 -1.37e+004 1.0e+000 1.1e+000 2.00e-001
 3 4.6e+001 9.3e-018 4.7e-016 +7.08e-001 -2.29e+003 3.9e+001 9.8e-001 1.00e-001
 4 5.3e+000 9.3e-018 1.1e-016 -3.63e+000 -2.71e+002 9.8e-001 9.8e-001 1.00e-001
 5 6.3e-001 9.3e-018 9.1e-018 -3.58e+000 -3.48e+001 9.1e-001 9.4e-001 1.00e-001
 6 9.9e-002 9.3e-018 6.6e-018 -4.27e+000 -9.23e+000 9.3e-001 7.8e-001 1.00e-001
 7 2.9e-002 1.9e-017 1.0e-017 -4.46e+000 -5.91e+000 1.1e+000 8.9e-001 1.00e-001
 8 5.7e-003 1.9e-017 1.5e-017 -4.49e+000 -4.78e+000 1.1e+000 9.8e-001 1.00e-001
 9 6.9e-004 1.9e-017 3.7e-017 -4.50e+000 -4.53e+000 1.0e+000 9.9e-001 1.00e-001
10 7.3e-005 1.9e-017 1.8e-017 -4.50e+000 -4.50e+000 1.0e+000 1.0e+000 1.00e-001
11 7.4e-006 1.9e-017 5.1e-017 -4.50e+000 -4.50e+000 1.0e+000 1.0e+000 1.00e-001
12 7.5e-007 1.9e-017 7.6e-017 -4.50e+000 -4.50e+000 1.0e+000 1.0e+000 1.00e-001
13 7.5e-008 1.9e-017 2.0e-016 -4.50e+000 -4.50e+000 1.0e+000 1.0e+000 1.00e-001
14 7.5e-009 1.9e-017 3.5e-016 -4.50e+000 -4.50e+000 1.0e+000 1.0e+000 1.00e-001

phase.value  = pdOPT     
   Iteration = 14
          mu = +7.5221568607286573e-009
relative gap = +8.3632596802291088e-008
        gap  = +3.7610792436026941e-007
     digits  = +7.0776244181094272e+000
objValPrimal = -4.4971449292905952e+000
objValDual   = -4.4971453053985195e+000
p.feas.error = +1.7763568394002505e-015
d.feas.error = +5.9898752624576446e-012
total time   = 0.188696
  main loop time = 0.163874
      total time = 0.188696
file  check time = 0.000000
file change time = 0.000000
file   read time = 0.024822
SDPA end at [Tue Sep 07 12:29:39 2021]
ALL TIME = 0.188696
